The target system is: Generic -  - 
The host system is: Darwin - 24.5.0 - x86_64
Compiling the C compiler identification source file "CMakeCCompilerId.c" succeeded.
Compiler: /Users/liufangzheng/.espressif/tools/xtensa-esp-elf/esp-14.2.0_20241119/xtensa-esp-elf/bin/xtensa-esp32s3-elf-gcc 
Build flags: -mlongcalls;;-fno-builtin-memcpy;-fno-builtin-memset;-fno-builtin-bzero;-fno-builtin-stpcpy;-fno-builtin-strncpy
Id flags:  

The output was:
0


Compilation of the C compiler identification source "CMakeCCompilerId.c" produced "a.out"

The C compiler identification is GNU, found in "/Users/liufangzheng/Documents/Lab/github/HexSense_MIT/HS_ESP32_CAM_module/firmware/ESP32S3-CAM-TRANS_DATA_THR_UART/build/CMakeFiles/3.19.3/CompilerIdC/a.out"

Compiling the CXX compiler identification source file "CMakeCXXCompilerId.cpp" succeeded.
Compiler: /Users/liufangzheng/.espressif/tools/xtensa-esp-elf/esp-14.2.0_20241119/xtensa-esp-elf/bin/xtensa-esp32s3-elf-g++ 
Build flags: -mlongcalls;;-fno-builtin-memcpy;-fno-builtin-memset;-fno-builtin-bzero;-fno-builtin-stpcpy;-fno-builtin-strncpy
Id flags:  

The output was:
0


Compilation of the CXX compiler identification source "CMakeCXXCompilerId.cpp" produced "a.out"

The CXX compiler identification is GNU, found in "/Users/liufangzheng/Documents/Lab/github/HexSense_MIT/HS_ESP32_CAM_module/firmware/ESP32S3-CAM-TRANS_DATA_THR_UART/build/CMakeFiles/3.19.3/CompilerIdCXX/a.out"

Checking whether the ASM compiler is GNU using "--version" matched "(GNU assembler)|(GCC)|(Free Software Foundation)":
xtensa-esp-elf-gcc (crosstool-NG esp-14.2.0_20241119) 14.2.0
Copyright (C) 2024 Free Software Foundation, Inc.
This is free software; see the source for copying conditions.  There is NO
warranty; not even for MERCHANTABILITY or FITNESS FOR A PARTICULAR PURPOSE.

Detecting C compiler ABI info compiled with the following output:
Change Dir: /Users/liufangzheng/Documents/Lab/github/HexSense_MIT/HS_ESP32_CAM_module/firmware/ESP32S3-CAM-TRANS_DATA_THR_UART/build/CMakeFiles/CMakeTmp

Run Build Command(s):/opt/ST/STM32CubeCLT_1.16.0/Ninja/bin/ninja cmTC_45868 && [1/2] Building C object CMakeFiles/cmTC_45868.dir/CMakeCCompilerABI.c.obj
Using built-in specs.
COLLECT_GCC=/Users/liufangzheng/.espressif/tools/xtensa-esp-elf/esp-14.2.0_20241119/xtensa-esp-elf/bin/xtensa-esp-elf-gcc
Target: xtensa-esp-elf
Configured with: /builds/idf/crosstool-NG/.build/xtensa-esp-elf/src/gcc/configure --build=x86_64-build_pc-linux-gnu --host=x86_64-host_apple-darwin21.1 --target=xtensa-esp-elf --prefix=/builds/idf/crosstool-NG/builds/xtensa-esp-elf --exec_prefix=/builds/idf/crosstool-NG/builds/xtensa-esp-elf --with-local-prefix=/builds/idf/crosstool-NG/builds/xtensa-esp-elf/xtensa-esp-elf --with-sysroot=/builds/idf/crosstool-NG/builds/xtensa-esp-elf/xtensa-esp-elf --with-native-system-header-dir=/include --with-newlib --enable-threads=no --disable-shared --with-pkgversion='crosstool-NG esp-14.2.0_20241119' --disable-__cxa_atexit --enable-cxx-flags=-ffunction-sections --disable-libgomp --disable-libmudflap --disable-libmpx --disable-libssp --disable-libquadmath --disable-libquadmath-support --disable-libstdcxx-verbose --with-gmp=/builds/idf/crosstool-NG/.build/xtensa-esp-elf/buildtools/complibs-host --with-mpfr=/builds/idf/crosstool-NG/.build/xtensa-esp-elf/buildtools/complibs-host --with-mpc=/builds/idf/crosstool-NG/.build/xtensa-esp-elf/buildtools/complibs-host --with-isl=/builds/idf/crosstool-NG/.build/xtensa-esp-elf/buildtools/complibs-host --enable-lto --enable-target-optspace --without-long-double-128 --disable-nls --enable-multiarch --enable-languages=c,c++ --disable-libstdcxx-verbose --enable-threads=posix --enable-gcov-custom-rtio --enable-libstdcxx-time=yes
Thread model: posix
Supported LTO compression algorithms: zlib
gcc version 14.2.0 (crosstool-NG esp-14.2.0_20241119) 
COLLECT_GCC_OPTIONS='-mdynconfig=xtensa_esp32s3.so' '-mlongcalls' '-fno-builtin-memcpy' '-fno-builtin-memset' '-fno-builtin-bzero' '-fno-builtin-stpcpy' '-fno-builtin-strncpy' '-v' '-o' 'CMakeFiles/cmTC_45868.dir/CMakeCCompilerABI.c.obj' '-c' '-dumpdir' 'CMakeFiles/cmTC_45868.dir/'
 /Users/liufangzheng/.espressif/tools/xtensa-esp-elf/esp-14.2.0_20241119/xtensa-esp-elf/bin/../libexec/gcc/xtensa-esp-elf/14.2.0/cc1 -quiet -v -imultilib esp32s3 -iprefix /Users/liufangzheng/.espressif/tools/xtensa-esp-elf/esp-14.2.0_20241119/xtensa-esp-elf/bin/../lib/gcc/xtensa-esp-elf/14.2.0/ -isysroot /Users/liufangzheng/.espressif/tools/xtensa-esp-elf/esp-14.2.0_20241119/xtensa-esp-elf/bin/../xtensa-esp-elf /opt/local/share/cmake-3.19/Modules/CMakeCCompilerABI.c -quiet -dumpdir CMakeFiles/cmTC_45868.dir/ -dumpbase CMakeCCompilerABI.c.c -dumpbase-ext .c -mdynconfig=xtensa_esp32s3.so -mlongcalls -version -fno-builtin-memcpy -fno-builtin-memset -fno-builtin-bzero -fno-builtin-stpcpy -fno-builtin-strncpy -o /var/folders/5x/yb1tpvsd1fs9lpzm2scrjh_80000gn/T//ccrjKuxQ.s
GNU C17 (crosstool-NG esp-14.2.0_20241119) version 14.2.0 (xtensa-esp-elf)
	compiled by GNU C version 8.3.0, GMP version 6.2.1, MPFR version 4.2.1, MPC version 1.2.1, isl version isl-0.26-GMP

GGC heuristics: --param ggc-min-expand=100 --param ggc-min-heapsize=131072
ignoring duplicate directory "/Users/liufangzheng/.espressif/tools/xtensa-esp-elf/esp-14.2.0_20241119/xtensa-esp-elf/bin/../lib/gcc/../../lib/gcc/xtensa-esp-elf/14.2.0/include"
ignoring nonexistent directory "/Users/liufangzheng/.espressif/tools/xtensa-esp-elf/esp-14.2.0_20241119/xtensa-esp-elf/bin/../xtensa-esp-elf/builds/idf/crosstool-NG/builds/xtensa-esp-elf/xtensa-esp-elf/include"
ignoring duplicate directory "/Users/liufangzheng/.espressif/tools/xtensa-esp-elf/esp-14.2.0_20241119/xtensa-esp-elf/bin/../lib/gcc/../../lib/gcc/xtensa-esp-elf/14.2.0/include-fixed"
ignoring duplicate directory "/Users/liufangzheng/.espressif/tools/xtensa-esp-elf/esp-14.2.0_20241119/xtensa-esp-elf/bin/../lib/gcc/../../lib/gcc/xtensa-esp-elf/14.2.0/../../../../xtensa-esp-elf/include"
ignoring duplicate directory "/Users/liufangzheng/.espressif/tools/xtensa-esp-elf/esp-14.2.0_20241119/xtensa-esp-elf/bin/../xtensa-esp-elf/include"
#include "..." search starts here:
#include <...> search starts here:
 /Users/liufangzheng/.espressif/tools/xtensa-esp-elf/esp-14.2.0_20241119/xtensa-esp-elf/bin/../lib/gcc/xtensa-esp-elf/14.2.0/include
 /Users/liufangzheng/.espressif/tools/xtensa-esp-elf/esp-14.2.0_20241119/xtensa-esp-elf/bin/../lib/gcc/xtensa-esp-elf/14.2.0/include-fixed
 /Users/liufangzheng/.espressif/tools/xtensa-esp-elf/esp-14.2.0_20241119/xtensa-esp-elf/bin/../lib/gcc/xtensa-esp-elf/14.2.0/../../../../xtensa-esp-elf/include
End of search list.
Compiler executable checksum: 0939809de5f4e08794562fed3fed61bf
COLLECT_GCC_OPTIONS='-mdynconfig=xtensa_esp32s3.so' '-mlongcalls' '-fno-builtin-memcpy' '-fno-builtin-memset' '-fno-builtin-bzero' '-fno-builtin-stpcpy' '-fno-builtin-strncpy' '-v' '-o' 'CMakeFiles/cmTC_45868.dir/CMakeCCompilerABI.c.obj' '-c' '-dumpdir' 'CMakeFiles/cmTC_45868.dir/'
 /Users/liufangzheng/.espressif/tools/xtensa-esp-elf/esp-14.2.0_20241119/xtensa-esp-elf/bin/../lib/gcc/xtensa-esp-elf/14.2.0/../../../../xtensa-esp-elf/bin/as --traditional-format --longcalls --dynconfig=xtensa_esp32s3.so -o CMakeFiles/cmTC_45868.dir/CMakeCCompilerABI.c.obj /var/folders/5x/yb1tpvsd1fs9lpzm2scrjh_80000gn/T//ccrjKuxQ.s
COMPILER_PATH=/Users/liufangzheng/.espressif/tools/xtensa-esp-elf/esp-14.2.0_20241119/xtensa-esp-elf/bin/../libexec/gcc/xtensa-esp-elf/14.2.0/:/Users/liufangzheng/.espressif/tools/xtensa-esp-elf/esp-14.2.0_20241119/xtensa-esp-elf/bin/../libexec/gcc/:/Users/liufangzheng/.espressif/tools/xtensa-esp-elf/esp-14.2.0_20241119/xtensa-esp-elf/bin/../lib/gcc/xtensa-esp-elf/14.2.0/../../../../xtensa-esp-elf/bin/
LIBRARY_PATH=/Users/liufangzheng/.espressif/tools/xtensa-esp-elf/esp-14.2.0_20241119/xtensa-esp-elf/bin/../lib/gcc/xtensa-esp-elf/14.2.0/esp32s3/:/Users/liufangzheng/.espressif/tools/xtensa-esp-elf/esp-14.2.0_20241119/xtensa-esp-elf/bin/../lib/gcc/xtensa-esp-elf/14.2.0/../../../../xtensa-esp-elf/lib/esp32s3/:/Users/liufangzheng/.espressif/tools/xtensa-esp-elf/esp-14.2.0_20241119/xtensa-esp-elf/bin/../xtensa-esp-elf/lib/esp32s3/:/Users/liufangzheng/.espressif/tools/xtensa-esp-elf/esp-14.2.0_20241119/xtensa-esp-elf/bin/../lib/gcc/xtensa-esp-elf/14.2.0/:/Users/liufangzheng/.espressif/tools/xtensa-esp-elf/esp-14.2.0_20241119/xtensa-esp-elf/bin/../lib/gcc/:/Users/liufangzheng/.espressif/tools/xtensa-esp-elf/esp-14.2.0_20241119/xtensa-esp-elf/bin/../lib/gcc/xtensa-esp-elf/14.2.0/../../../../xtensa-esp-elf/lib/:/Users/liufangzheng/.espressif/tools/xtensa-esp-elf/esp-14.2.0_20241119/xtensa-esp-elf/bin/../xtensa-esp-elf/lib/:/Users/liufangzheng/.espressif/tools/xtensa-esp-elf/esp-14.2.0_20241119/xtensa-esp-elf/bin/../xtensa-esp-elf/usr/lib/
COLLECT_GCC_OPTIONS='-mdynconfig=xtensa_esp32s3.so' '-mlongcalls' '-fno-builtin-memcpy' '-fno-builtin-memset' '-fno-builtin-bzero' '-fno-builtin-stpcpy' '-fno-builtin-strncpy' '-v' '-o' 'CMakeFiles/cmTC_45868.dir/CMakeCCompilerABI.c.obj' '-c' '-dumpdir' 'CMakeFiles/cmTC_45868.dir/CMakeCCompilerABI.c.'
[2/2] Linking C executable cmTC_45868
Using built-in specs.
COLLECT_GCC=/Users/liufangzheng/.espressif/tools/xtensa-esp-elf/esp-14.2.0_20241119/xtensa-esp-elf/bin/xtensa-esp-elf-gcc
COLLECT_LTO_WRAPPER=/Users/liufangzheng/.espressif/tools/xtensa-esp-elf/esp-14.2.0_20241119/xtensa-esp-elf/bin/../libexec/gcc/xtensa-esp-elf/14.2.0/lto-wrapper
Target: xtensa-esp-elf
Configured with: /builds/idf/crosstool-NG/.build/xtensa-esp-elf/src/gcc/configure --build=x86_64-build_pc-linux-gnu --host=x86_64-host_apple-darwin21.1 --target=xtensa-esp-elf --prefix=/builds/idf/crosstool-NG/builds/xtensa-esp-elf --exec_prefix=/builds/idf/crosstool-NG/builds/xtensa-esp-elf --with-local-prefix=/builds/idf/crosstool-NG/builds/xtensa-esp-elf/xtensa-esp-elf --with-sysroot=/builds/idf/crosstool-NG/builds/xtensa-esp-elf/xtensa-esp-elf --with-native-system-header-dir=/include --with-newlib --enable-threads=no --disable-shared --with-pkgversion='crosstool-NG esp-14.2.0_20241119' --disable-__cxa_atexit --enable-cxx-flags=-ffunction-sections --disable-libgomp --disable-libmudflap --disable-libmpx --disable-libssp --disable-libquadmath --disable-libquadmath-support --disable-libstdcxx-verbose --with-gmp=/builds/idf/crosstool-NG/.build/xtensa-esp-elf/buildtools/complibs-host --with-mpfr=/builds/idf/crosstool-NG/.build/xtensa-esp-elf/buildtools/complibs-host --with-mpc=/builds/idf/crosstool-NG/.build/xtensa-esp-elf/buildtools/complibs-host --with-isl=/builds/idf/crosstool-NG/.build/xtensa-esp-elf/buildtools/complibs-host --enable-lto --enable-target-optspace --without-long-double-128 --disable-nls --enable-multiarch --enable-languages=c,c++ --disable-libstdcxx-verbose --enable-threads=posix --enable-gcov-custom-rtio --enable-libstdcxx-time=yes
Thread model: posix
Supported LTO compression algorithms: zlib
gcc version 14.2.0 (crosstool-NG esp-14.2.0_20241119) 
COMPILER_PATH=/Users/liufangzheng/.espressif/tools/xtensa-esp-elf/esp-14.2.0_20241119/xtensa-esp-elf/bin/../libexec/gcc/xtensa-esp-elf/14.2.0/:/Users/liufangzheng/.espressif/tools/xtensa-esp-elf/esp-14.2.0_20241119/xtensa-esp-elf/bin/../libexec/gcc/:/Users/liufangzheng/.espressif/tools/xtensa-esp-elf/esp-14.2.0_20241119/xtensa-esp-elf/bin/../lib/gcc/xtensa-esp-elf/14.2.0/../../../../xtensa-esp-elf/bin/
LIBRARY_PATH=/Users/liufangzheng/.espressif/tools/xtensa-esp-elf/esp-14.2.0_20241119/xtensa-esp-elf/bin/../lib/gcc/xtensa-esp-elf/14.2.0/esp32s3/:/Users/liufangzheng/.espressif/tools/xtensa-esp-elf/esp-14.2.0_20241119/xtensa-esp-elf/bin/../lib/gcc/xtensa-esp-elf/14.2.0/../../../../xtensa-esp-elf/lib/esp32s3/:/Users/liufangzheng/.espressif/tools/xtensa-esp-elf/esp-14.2.0_20241119/xtensa-esp-elf/bin/../xtensa-esp-elf/lib/esp32s3/:/Users/liufangzheng/.espressif/tools/xtensa-esp-elf/esp-14.2.0_20241119/xtensa-esp-elf/bin/../lib/gcc/xtensa-esp-elf/14.2.0/:/Users/liufangzheng/.espressif/tools/xtensa-esp-elf/esp-14.2.0_20241119/xtensa-esp-elf/bin/../lib/gcc/:/Users/liufangzheng/.espressif/tools/xtensa-esp-elf/esp-14.2.0_20241119/xtensa-esp-elf/bin/../lib/gcc/xtensa-esp-elf/14.2.0/../../../../xtensa-esp-elf/lib/:/Users/liufangzheng/.espressif/tools/xtensa-esp-elf/esp-14.2.0_20241119/xtensa-esp-elf/bin/../xtensa-esp-elf/lib/:/Users/liufangzheng/.espressif/tools/xtensa-esp-elf/esp-14.2.0_20241119/xtensa-esp-elf/bin/../xtensa-esp-elf/usr/lib/
COLLECT_GCC_OPTIONS='-mdynconfig=xtensa_esp32s3.so' '-mlongcalls' '-fno-builtin-memcpy' '-fno-builtin-memset' '-fno-builtin-bzero' '-fno-builtin-stpcpy' '-fno-builtin-strncpy' '-v' '-o' 'cmTC_45868' '-dumpdir' 'cmTC_45868.'
 /Users/liufangzheng/.espressif/tools/xtensa-esp-elf/esp-14.2.0_20241119/xtensa-esp-elf/bin/../libexec/gcc/xtensa-esp-elf/14.2.0/collect2 -plugin /Users/liufangzheng/.espressif/tools/xtensa-esp-elf/esp-14.2.0_20241119/xtensa-esp-elf/bin/../libexec/gcc/xtensa-esp-elf/14.2.0/liblto_plugin.so -plugin-opt=/Users/liufangzheng/.espressif/tools/xtensa-esp-elf/esp-14.2.0_20241119/xtensa-esp-elf/bin/../libexec/gcc/xtensa-esp-elf/14.2.0/lto-wrapper -plugin-opt=-fresolution=/var/folders/5x/yb1tpvsd1fs9lpzm2scrjh_80000gn/T//ccHCHdQn.res -plugin-opt=-pass-through=-lgcc -plugin-opt=-pass-through=-lc -plugin-opt=-pass-through=-lnosys -plugin-opt=-pass-through=-lc -plugin-opt=-pass-through=-lgcc --sysroot=/Users/liufangzheng/.espressif/tools/xtensa-esp-elf/esp-14.2.0_20241119/xtensa-esp-elf/bin/../xtensa-esp-elf --dynconfig=xtensa_esp32s3.so -o cmTC_45868 /Users/liufangzheng/.espressif/tools/xtensa-esp-elf/esp-14.2.0_20241119/xtensa-esp-elf/bin/../lib/gcc/xtensa-esp-elf/14.2.0/../../../../xtensa-esp-elf/lib/esp32s3/crt0.o /Users/liufangzheng/.espressif/tools/xtensa-esp-elf/esp-14.2.0_20241119/xtensa-esp-elf/bin/../lib/gcc/xtensa-esp-elf/14.2.0/esp32s3/crti.o /Users/liufangzheng/.espressif/tools/xtensa-esp-elf/esp-14.2.0_20241119/xtensa-esp-elf/bin/../lib/gcc/xtensa-esp-elf/14.2.0/esp32s3/crtbegin.o -L/Users/liufangzheng/.espressif/tools/xtensa-esp-elf/esp-14.2.0_20241119/xtensa-esp-elf/bin/../lib/gcc/xtensa-esp-elf/14.2.0/esp32s3 -L/Users/liufangzheng/.espressif/tools/xtensa-esp-elf/esp-14.2.0_20241119/xtensa-esp-elf/bin/../lib/gcc/xtensa-esp-elf/14.2.0/../../../../xtensa-esp-elf/lib/esp32s3 -L/Users/liufangzheng/.espressif/tools/xtensa-esp-elf/esp-14.2.0_20241119/xtensa-esp-elf/bin/../xtensa-esp-elf/lib/esp32s3 -L/Users/liufangzheng/.espressif/tools/xtensa-esp-elf/esp-14.2.0_20241119/xtensa-esp-elf/bin/../lib/gcc/xtensa-esp-elf/14.2.0 -L/Users/liufangzheng/.espressif/tools/xtensa-esp-elf/esp-14.2.0_20241119/xtensa-esp-elf/bin/../lib/gcc -L/Users/liufangzheng/.espressif/tools/xtensa-esp-elf/esp-14.2.0_20241119/xtensa-esp-elf/bin/../lib/gcc/xtensa-esp-elf/14.2.0/../../../../xtensa-esp-elf/lib -L/Users/liufangzheng/.espressif/tools/xtensa-esp-elf/esp-14.2.0_20241119/xtensa-esp-elf/bin/../xtensa-esp-elf/lib -L/Users/liufangzheng/.espressif/tools/xtensa-esp-elf/esp-14.2.0_20241119/xtensa-esp-elf/bin/../xtensa-esp-elf/usr/lib CMakeFiles/cmTC_45868.dir/CMakeCCompilerABI.c.obj -lgcc -lc -lnosys -lc -lgcc /Users/liufangzheng/.espressif/tools/xtensa-esp-elf/esp-14.2.0_20241119/xtensa-esp-elf/bin/../lib/gcc/xtensa-esp-elf/14.2.0/esp32s3/crtend.o /Users/liufangzheng/.espressif/tools/xtensa-esp-elf/esp-14.2.0_20241119/xtensa-esp-elf/bin/../lib/gcc/xtensa-esp-elf/14.2.0/esp32s3/crtn.o
COLLECT_GCC_OPTIONS='-mdynconfig=xtensa_esp32s3.so' '-mlongcalls' '-fno-builtin-memcpy' '-fno-builtin-memset' '-fno-builtin-bzero' '-fno-builtin-stpcpy' '-fno-builtin-strncpy' '-v' '-o' 'cmTC_45868' '-dumpdir' 'cmTC_45868.'



Parsed C implicit include dir info from above output: rv=done
  found start of include info
  found start of implicit include info
    add: [/Users/liufangzheng/.espressif/tools/xtensa-esp-elf/esp-14.2.0_20241119/xtensa-esp-elf/bin/../lib/gcc/xtensa-esp-elf/14.2.0/include]
    add: [/Users/liufangzheng/.espressif/tools/xtensa-esp-elf/esp-14.2.0_20241119/xtensa-esp-elf/bin/../lib/gcc/xtensa-esp-elf/14.2.0/include-fixed]
    add: [/Users/liufangzheng/.espressif/tools/xtensa-esp-elf/esp-14.2.0_20241119/xtensa-esp-elf/bin/../lib/gcc/xtensa-esp-elf/14.2.0/../../../../xtensa-esp-elf/include]
  end of search list found
  collapse include dir [/Users/liufangzheng/.espressif/tools/xtensa-esp-elf/esp-14.2.0_20241119/xtensa-esp-elf/bin/../lib/gcc/xtensa-esp-elf/14.2.0/include] ==> [/Users/liufangzheng/.espressif/tools/xtensa-esp-elf/esp-14.2.0_20241119/xtensa-esp-elf/lib/gcc/xtensa-esp-elf/14.2.0/include]
  collapse include dir [/Users/liufangzheng/.espressif/tools/xtensa-esp-elf/esp-14.2.0_20241119/xtensa-esp-elf/bin/../lib/gcc/xtensa-esp-elf/14.2.0/include-fixed] ==> [/Users/liufangzheng/.espressif/tools/xtensa-esp-elf/esp-14.2.0_20241119/xtensa-esp-elf/lib/gcc/xtensa-esp-elf/14.2.0/include-fixed]
  collapse include dir [/Users/liufangzheng/.espressif/tools/xtensa-esp-elf/esp-14.2.0_20241119/xtensa-esp-elf/bin/../lib/gcc/xtensa-esp-elf/14.2.0/../../../../xtensa-esp-elf/include] ==> [/Users/liufangzheng/.espressif/tools/xtensa-esp-elf/esp-14.2.0_20241119/xtensa-esp-elf/xtensa-esp-elf/include]
  implicit include dirs: [/Users/liufangzheng/.espressif/tools/xtensa-esp-elf/esp-14.2.0_20241119/xtensa-esp-elf/lib/gcc/xtensa-esp-elf/14.2.0/include;/Users/liufangzheng/.espressif/tools/xtensa-esp-elf/esp-14.2.0_20241119/xtensa-esp-elf/lib/gcc/xtensa-esp-elf/14.2.0/include-fixed;/Users/liufangzheng/.espressif/tools/xtensa-esp-elf/esp-14.2.0_20241119/xtensa-esp-elf/xtensa-esp-elf/include]


Parsed C implicit link information from above output:
  link line regex: [^( *|.*[/\])(xtensa-esp32s3-elf-ld|CMAKE_LINK_STARTFILE-NOTFOUND|([^/\]+-)?ld|collect2)[^/\]*( |$)]
  ignore line: [Change Dir: /Users/liufangzheng/Documents/Lab/github/HexSense_MIT/HS_ESP32_CAM_module/firmware/ESP32S3-CAM-TRANS_DATA_THR_UART/build/CMakeFiles/CMakeTmp]
  ignore line: []
  ignore line: [Run Build Command(s):/opt/ST/STM32CubeCLT_1.16.0/Ninja/bin/ninja cmTC_45868 && [1/2] Building C object CMakeFiles/cmTC_45868.dir/CMakeCCompilerABI.c.obj]
  ignore line: [Using built-in specs.]
  ignore line: [COLLECT_GCC=/Users/liufangzheng/.espressif/tools/xtensa-esp-elf/esp-14.2.0_20241119/xtensa-esp-elf/bin/xtensa-esp-elf-gcc]
  ignore line: [Target: xtensa-esp-elf]
  ignore line: [Configured with: /builds/idf/crosstool-NG/.build/xtensa-esp-elf/src/gcc/configure --build=x86_64-build_pc-linux-gnu --host=x86_64-host_apple-darwin21.1 --target=xtensa-esp-elf --prefix=/builds/idf/crosstool-NG/builds/xtensa-esp-elf --exec_prefix=/builds/idf/crosstool-NG/builds/xtensa-esp-elf --with-local-prefix=/builds/idf/crosstool-NG/builds/xtensa-esp-elf/xtensa-esp-elf --with-sysroot=/builds/idf/crosstool-NG/builds/xtensa-esp-elf/xtensa-esp-elf --with-native-system-header-dir=/include --with-newlib --enable-threads=no --disable-shared --with-pkgversion='crosstool-NG esp-14.2.0_20241119' --disable-__cxa_atexit --enable-cxx-flags=-ffunction-sections --disable-libgomp --disable-libmudflap --disable-libmpx --disable-libssp --disable-libquadmath --disable-libquadmath-support --disable-libstdcxx-verbose --with-gmp=/builds/idf/crosstool-NG/.build/xtensa-esp-elf/buildtools/complibs-host --with-mpfr=/builds/idf/crosstool-NG/.build/xtensa-esp-elf/buildtools/complibs-host --with-mpc=/builds/idf/crosstool-NG/.build/xtensa-esp-elf/buildtools/complibs-host --with-isl=/builds/idf/crosstool-NG/.build/xtensa-esp-elf/buildtools/complibs-host --enable-lto --enable-target-optspace --without-long-double-128 --disable-nls --enable-multiarch --enable-languages=c c++ --disable-libstdcxx-verbose --enable-threads=posix --enable-gcov-custom-rtio --enable-libstdcxx-time=yes]
  ignore line: [Thread model: posix]
  ignore line: [Supported LTO compression algorithms: zlib]
  ignore line: [gcc version 14.2.0 (crosstool-NG esp-14.2.0_20241119) ]
  ignore line: [COLLECT_GCC_OPTIONS='-mdynconfig=xtensa_esp32s3.so' '-mlongcalls' '-fno-builtin-memcpy' '-fno-builtin-memset' '-fno-builtin-bzero' '-fno-builtin-stpcpy' '-fno-builtin-strncpy' '-v' '-o' 'CMakeFiles/cmTC_45868.dir/CMakeCCompilerABI.c.obj' '-c' '-dumpdir' 'CMakeFiles/cmTC_45868.dir/']
  ignore line: [ /Users/liufangzheng/.espressif/tools/xtensa-esp-elf/esp-14.2.0_20241119/xtensa-esp-elf/bin/../libexec/gcc/xtensa-esp-elf/14.2.0/cc1 -quiet -v -imultilib esp32s3 -iprefix /Users/liufangzheng/.espressif/tools/xtensa-esp-elf/esp-14.2.0_20241119/xtensa-esp-elf/bin/../lib/gcc/xtensa-esp-elf/14.2.0/ -isysroot /Users/liufangzheng/.espressif/tools/xtensa-esp-elf/esp-14.2.0_20241119/xtensa-esp-elf/bin/../xtensa-esp-elf /opt/local/share/cmake-3.19/Modules/CMakeCCompilerABI.c -quiet -dumpdir CMakeFiles/cmTC_45868.dir/ -dumpbase CMakeCCompilerABI.c.c -dumpbase-ext .c -mdynconfig=xtensa_esp32s3.so -mlongcalls -version -fno-builtin-memcpy -fno-builtin-memset -fno-builtin-bzero -fno-builtin-stpcpy -fno-builtin-strncpy -o /var/folders/5x/yb1tpvsd1fs9lpzm2scrjh_80000gn/T//ccrjKuxQ.s]
  ignore line: [GNU C17 (crosstool-NG esp-14.2.0_20241119) version 14.2.0 (xtensa-esp-elf)]
  ignore line: [	compiled by GNU C version 8.3.0  GMP version 6.2.1  MPFR version 4.2.1  MPC version 1.2.1  isl version isl-0.26-GMP]
  ignore line: []
  ignore line: [GGC heuristics: --param ggc-min-expand=100 --param ggc-min-heapsize=131072]
  ignore line: [ignoring duplicate directory "/Users/liufangzheng/.espressif/tools/xtensa-esp-elf/esp-14.2.0_20241119/xtensa-esp-elf/bin/../lib/gcc/../../lib/gcc/xtensa-esp-elf/14.2.0/include"]
  ignore line: [ignoring nonexistent directory "/Users/liufangzheng/.espressif/tools/xtensa-esp-elf/esp-14.2.0_20241119/xtensa-esp-elf/bin/../xtensa-esp-elf/builds/idf/crosstool-NG/builds/xtensa-esp-elf/xtensa-esp-elf/include"]
  ignore line: [ignoring duplicate directory "/Users/liufangzheng/.espressif/tools/xtensa-esp-elf/esp-14.2.0_20241119/xtensa-esp-elf/bin/../lib/gcc/../../lib/gcc/xtensa-esp-elf/14.2.0/include-fixed"]
  ignore line: [ignoring duplicate directory "/Users/liufangzheng/.espressif/tools/xtensa-esp-elf/esp-14.2.0_20241119/xtensa-esp-elf/bin/../lib/gcc/../../lib/gcc/xtensa-esp-elf/14.2.0/../../../../xtensa-esp-elf/include"]
  ignore line: [ignoring duplicate directory "/Users/liufangzheng/.espressif/tools/xtensa-esp-elf/esp-14.2.0_20241119/xtensa-esp-elf/bin/../xtensa-esp-elf/include"]
  ignore line: [#include "..." search starts here:]
  ignore line: [#include <...> search starts here:]
  ignore line: [ /Users/liufangzheng/.espressif/tools/xtensa-esp-elf/esp-14.2.0_20241119/xtensa-esp-elf/bin/../lib/gcc/xtensa-esp-elf/14.2.0/include]
  ignore line: [ /Users/liufangzheng/.espressif/tools/xtensa-esp-elf/esp-14.2.0_20241119/xtensa-esp-elf/bin/../lib/gcc/xtensa-esp-elf/14.2.0/include-fixed]
  ignore line: [ /Users/liufangzheng/.espressif/tools/xtensa-esp-elf/esp-14.2.0_20241119/xtensa-esp-elf/bin/../lib/gcc/xtensa-esp-elf/14.2.0/../../../../xtensa-esp-elf/include]
  ignore line: [End of search list.]
  ignore line: [Compiler executable checksum: 0939809de5f4e08794562fed3fed61bf]
  ignore line: [COLLECT_GCC_OPTIONS='-mdynconfig=xtensa_esp32s3.so' '-mlongcalls' '-fno-builtin-memcpy' '-fno-builtin-memset' '-fno-builtin-bzero' '-fno-builtin-stpcpy' '-fno-builtin-strncpy' '-v' '-o' 'CMakeFiles/cmTC_45868.dir/CMakeCCompilerABI.c.obj' '-c' '-dumpdir' 'CMakeFiles/cmTC_45868.dir/']
  ignore line: [ /Users/liufangzheng/.espressif/tools/xtensa-esp-elf/esp-14.2.0_20241119/xtensa-esp-elf/bin/../lib/gcc/xtensa-esp-elf/14.2.0/../../../../xtensa-esp-elf/bin/as --traditional-format --longcalls --dynconfig=xtensa_esp32s3.so -o CMakeFiles/cmTC_45868.dir/CMakeCCompilerABI.c.obj /var/folders/5x/yb1tpvsd1fs9lpzm2scrjh_80000gn/T//ccrjKuxQ.s]
  ignore line: [COMPILER_PATH=/Users/liufangzheng/.espressif/tools/xtensa-esp-elf/esp-14.2.0_20241119/xtensa-esp-elf/bin/../libexec/gcc/xtensa-esp-elf/14.2.0/:/Users/liufangzheng/.espressif/tools/xtensa-esp-elf/esp-14.2.0_20241119/xtensa-esp-elf/bin/../libexec/gcc/:/Users/liufangzheng/.espressif/tools/xtensa-esp-elf/esp-14.2.0_20241119/xtensa-esp-elf/bin/../lib/gcc/xtensa-esp-elf/14.2.0/../../../../xtensa-esp-elf/bin/]
  ignore line: [LIBRARY_PATH=/Users/liufangzheng/.espressif/tools/xtensa-esp-elf/esp-14.2.0_20241119/xtensa-esp-elf/bin/../lib/gcc/xtensa-esp-elf/14.2.0/esp32s3/:/Users/liufangzheng/.espressif/tools/xtensa-esp-elf/esp-14.2.0_20241119/xtensa-esp-elf/bin/../lib/gcc/xtensa-esp-elf/14.2.0/../../../../xtensa-esp-elf/lib/esp32s3/:/Users/liufangzheng/.espressif/tools/xtensa-esp-elf/esp-14.2.0_20241119/xtensa-esp-elf/bin/../xtensa-esp-elf/lib/esp32s3/:/Users/liufangzheng/.espressif/tools/xtensa-esp-elf/esp-14.2.0_20241119/xtensa-esp-elf/bin/../lib/gcc/xtensa-esp-elf/14.2.0/:/Users/liufangzheng/.espressif/tools/xtensa-esp-elf/esp-14.2.0_20241119/xtensa-esp-elf/bin/../lib/gcc/:/Users/liufangzheng/.espressif/tools/xtensa-esp-elf/esp-14.2.0_20241119/xtensa-esp-elf/bin/../lib/gcc/xtensa-esp-elf/14.2.0/../../../../xtensa-esp-elf/lib/:/Users/liufangzheng/.espressif/tools/xtensa-esp-elf/esp-14.2.0_20241119/xtensa-esp-elf/bin/../xtensa-esp-elf/lib/:/Users/liufangzheng/.espressif/tools/xtensa-esp-elf/esp-14.2.0_20241119/xtensa-esp-elf/bin/../xtensa-esp-elf/usr/lib/]
  ignore line: [COLLECT_GCC_OPTIONS='-mdynconfig=xtensa_esp32s3.so' '-mlongcalls' '-fno-builtin-memcpy' '-fno-builtin-memset' '-fno-builtin-bzero' '-fno-builtin-stpcpy' '-fno-builtin-strncpy' '-v' '-o' 'CMakeFiles/cmTC_45868.dir/CMakeCCompilerABI.c.obj' '-c' '-dumpdir' 'CMakeFiles/cmTC_45868.dir/CMakeCCompilerABI.c.']
  ignore line: [[2/2] Linking C executable cmTC_45868]
  ignore line: [Using built-in specs.]
  ignore line: [COLLECT_GCC=/Users/liufangzheng/.espressif/tools/xtensa-esp-elf/esp-14.2.0_20241119/xtensa-esp-elf/bin/xtensa-esp-elf-gcc]
  ignore line: [COLLECT_LTO_WRAPPER=/Users/liufangzheng/.espressif/tools/xtensa-esp-elf/esp-14.2.0_20241119/xtensa-esp-elf/bin/../libexec/gcc/xtensa-esp-elf/14.2.0/lto-wrapper]
  ignore line: [Target: xtensa-esp-elf]
  ignore line: [Configured with: /builds/idf/crosstool-NG/.build/xtensa-esp-elf/src/gcc/configure --build=x86_64-build_pc-linux-gnu --host=x86_64-host_apple-darwin21.1 --target=xtensa-esp-elf --prefix=/builds/idf/crosstool-NG/builds/xtensa-esp-elf --exec_prefix=/builds/idf/crosstool-NG/builds/xtensa-esp-elf --with-local-prefix=/builds/idf/crosstool-NG/builds/xtensa-esp-elf/xtensa-esp-elf --with-sysroot=/builds/idf/crosstool-NG/builds/xtensa-esp-elf/xtensa-esp-elf --with-native-system-header-dir=/include --with-newlib --enable-threads=no --disable-shared --with-pkgversion='crosstool-NG esp-14.2.0_20241119' --disable-__cxa_atexit --enable-cxx-flags=-ffunction-sections --disable-libgomp --disable-libmudflap --disable-libmpx --disable-libssp --disable-libquadmath --disable-libquadmath-support --disable-libstdcxx-verbose --with-gmp=/builds/idf/crosstool-NG/.build/xtensa-esp-elf/buildtools/complibs-host --with-mpfr=/builds/idf/crosstool-NG/.build/xtensa-esp-elf/buildtools/complibs-host --with-mpc=/builds/idf/crosstool-NG/.build/xtensa-esp-elf/buildtools/complibs-host --with-isl=/builds/idf/crosstool-NG/.build/xtensa-esp-elf/buildtools/complibs-host --enable-lto --enable-target-optspace --without-long-double-128 --disable-nls --enable-multiarch --enable-languages=c c++ --disable-libstdcxx-verbose --enable-threads=posix --enable-gcov-custom-rtio --enable-libstdcxx-time=yes]
  ignore line: [Thread model: posix]
  ignore line: [Supported LTO compression algorithms: zlib]
  ignore line: [gcc version 14.2.0 (crosstool-NG esp-14.2.0_20241119) ]
  ignore line: [COMPILER_PATH=/Users/liufangzheng/.espressif/tools/xtensa-esp-elf/esp-14.2.0_20241119/xtensa-esp-elf/bin/../libexec/gcc/xtensa-esp-elf/14.2.0/:/Users/liufangzheng/.espressif/tools/xtensa-esp-elf/esp-14.2.0_20241119/xtensa-esp-elf/bin/../libexec/gcc/:/Users/liufangzheng/.espressif/tools/xtensa-esp-elf/esp-14.2.0_20241119/xtensa-esp-elf/bin/../lib/gcc/xtensa-esp-elf/14.2.0/../../../../xtensa-esp-elf/bin/]
  ignore line: [LIBRARY_PATH=/Users/liufangzheng/.espressif/tools/xtensa-esp-elf/esp-14.2.0_20241119/xtensa-esp-elf/bin/../lib/gcc/xtensa-esp-elf/14.2.0/esp32s3/:/Users/liufangzheng/.espressif/tools/xtensa-esp-elf/esp-14.2.0_20241119/xtensa-esp-elf/bin/../lib/gcc/xtensa-esp-elf/14.2.0/../../../../xtensa-esp-elf/lib/esp32s3/:/Users/liufangzheng/.espressif/tools/xtensa-esp-elf/esp-14.2.0_20241119/xtensa-esp-elf/bin/../xtensa-esp-elf/lib/esp32s3/:/Users/liufangzheng/.espressif/tools/xtensa-esp-elf/esp-14.2.0_20241119/xtensa-esp-elf/bin/../lib/gcc/xtensa-esp-elf/14.2.0/:/Users/liufangzheng/.espressif/tools/xtensa-esp-elf/esp-14.2.0_20241119/xtensa-esp-elf/bin/../lib/gcc/:/Users/liufangzheng/.espressif/tools/xtensa-esp-elf/esp-14.2.0_20241119/xtensa-esp-elf/bin/../lib/gcc/xtensa-esp-elf/14.2.0/../../../../xtensa-esp-elf/lib/:/Users/liufangzheng/.espressif/tools/xtensa-esp-elf/esp-14.2.0_20241119/xtensa-esp-elf/bin/../xtensa-esp-elf/lib/:/Users/liufangzheng/.espressif/tools/xtensa-esp-elf/esp-14.2.0_20241119/xtensa-esp-elf/bin/../xtensa-esp-elf/usr/lib/]
  ignore line: [COLLECT_GCC_OPTIONS='-mdynconfig=xtensa_esp32s3.so' '-mlongcalls' '-fno-builtin-memcpy' '-fno-builtin-memset' '-fno-builtin-bzero' '-fno-builtin-stpcpy' '-fno-builtin-strncpy' '-v' '-o' 'cmTC_45868' '-dumpdir' 'cmTC_45868.']
  link line: [ /Users/liufangzheng/.espressif/tools/xtensa-esp-elf/esp-14.2.0_20241119/xtensa-esp-elf/bin/../libexec/gcc/xtensa-esp-elf/14.2.0/collect2 -plugin /Users/liufangzheng/.espressif/tools/xtensa-esp-elf/esp-14.2.0_20241119/xtensa-esp-elf/bin/../libexec/gcc/xtensa-esp-elf/14.2.0/liblto_plugin.so -plugin-opt=/Users/liufangzheng/.espressif/tools/xtensa-esp-elf/esp-14.2.0_20241119/xtensa-esp-elf/bin/../libexec/gcc/xtensa-esp-elf/14.2.0/lto-wrapper -plugin-opt=-fresolution=/var/folders/5x/yb1tpvsd1fs9lpzm2scrjh_80000gn/T//ccHCHdQn.res -plugin-opt=-pass-through=-lgcc -plugin-opt=-pass-through=-lc -plugin-opt=-pass-through=-lnosys -plugin-opt=-pass-through=-lc -plugin-opt=-pass-through=-lgcc --sysroot=/Users/liufangzheng/.espressif/tools/xtensa-esp-elf/esp-14.2.0_20241119/xtensa-esp-elf/bin/../xtensa-esp-elf --dynconfig=xtensa_esp32s3.so -o cmTC_45868 /Users/liufangzheng/.espressif/tools/xtensa-esp-elf/esp-14.2.0_20241119/xtensa-esp-elf/bin/../lib/gcc/xtensa-esp-elf/14.2.0/../../../../xtensa-esp-elf/lib/esp32s3/crt0.o /Users/liufangzheng/.espressif/tools/xtensa-esp-elf/esp-14.2.0_20241119/xtensa-esp-elf/bin/../lib/gcc/xtensa-esp-elf/14.2.0/esp32s3/crti.o /Users/liufangzheng/.espressif/tools/xtensa-esp-elf/esp-14.2.0_20241119/xtensa-esp-elf/bin/../lib/gcc/xtensa-esp-elf/14.2.0/esp32s3/crtbegin.o -L/Users/liufangzheng/.espressif/tools/xtensa-esp-elf/esp-14.2.0_20241119/xtensa-esp-elf/bin/../lib/gcc/xtensa-esp-elf/14.2.0/esp32s3 -L/Users/liufangzheng/.espressif/tools/xtensa-esp-elf/esp-14.2.0_20241119/xtensa-esp-elf/bin/../lib/gcc/xtensa-esp-elf/14.2.0/../../../../xtensa-esp-elf/lib/esp32s3 -L/Users/liufangzheng/.espressif/tools/xtensa-esp-elf/esp-14.2.0_20241119/xtensa-esp-elf/bin/../xtensa-esp-elf/lib/esp32s3 -L/Users/liufangzheng/.espressif/tools/xtensa-esp-elf/esp-14.2.0_20241119/xtensa-esp-elf/bin/../lib/gcc/xtensa-esp-elf/14.2.0 -L/Users/liufangzheng/.espressif/tools/xtensa-esp-elf/esp-14.2.0_20241119/xtensa-esp-elf/bin/../lib/gcc -L/Users/liufangzheng/.espressif/tools/xtensa-esp-elf/esp-14.2.0_20241119/xtensa-esp-elf/bin/../lib/gcc/xtensa-esp-elf/14.2.0/../../../../xtensa-esp-elf/lib -L/Users/liufangzheng/.espressif/tools/xtensa-esp-elf/esp-14.2.0_20241119/xtensa-esp-elf/bin/../xtensa-esp-elf/lib -L/Users/liufangzheng/.espressif/tools/xtensa-esp-elf/esp-14.2.0_20241119/xtensa-esp-elf/bin/../xtensa-esp-elf/usr/lib CMakeFiles/cmTC_45868.dir/CMakeCCompilerABI.c.obj -lgcc -lc -lnosys -lc -lgcc /Users/liufangzheng/.espressif/tools/xtensa-esp-elf/esp-14.2.0_20241119/xtensa-esp-elf/bin/../lib/gcc/xtensa-esp-elf/14.2.0/esp32s3/crtend.o /Users/liufangzheng/.espressif/tools/xtensa-esp-elf/esp-14.2.0_20241119/xtensa-esp-elf/bin/../lib/gcc/xtensa-esp-elf/14.2.0/esp32s3/crtn.o]
    arg [/Users/liufangzheng/.espressif/tools/xtensa-esp-elf/esp-14.2.0_20241119/xtensa-esp-elf/bin/../libexec/gcc/xtensa-esp-elf/14.2.0/collect2] ==> ignore
    arg [-plugin] ==> ignore
    arg [/Users/liufangzheng/.espressif/tools/xtensa-esp-elf/esp-14.2.0_20241119/xtensa-esp-elf/bin/../libexec/gcc/xtensa-esp-elf/14.2.0/liblto_plugin.so] ==> ignore
    arg [-plugin-opt=/Users/liufangzheng/.espressif/tools/xtensa-esp-elf/esp-14.2.0_20241119/xtensa-esp-elf/bin/../libexec/gcc/xtensa-esp-elf/14.2.0/lto-wrapper] ==> ignore
    arg [-plugin-opt=-fresolution=/var/folders/5x/yb1tpvsd1fs9lpzm2scrjh_80000gn/T//ccHCHdQn.res] ==> ignore
    arg [-plugin-opt=-pass-through=-lgcc] ==> ignore
    arg [-plugin-opt=-pass-through=-lc] ==> ignore
    arg [-plugin-opt=-pass-through=-lnosys] ==> ignore
    arg [-plugin-opt=-pass-through=-lc] ==> ignore
    arg [-plugin-opt=-pass-through=-lgcc] ==> ignore
    arg [--sysroot=/Users/liufangzheng/.espressif/tools/xtensa-esp-elf/esp-14.2.0_20241119/xtensa-esp-elf/bin/../xtensa-esp-elf] ==> ignore
    arg [--dynconfig=xtensa_esp32s3.so] ==> ignore
    arg [-o] ==> ignore
    arg [cmTC_45868] ==> ignore
    arg [/Users/liufangzheng/.espressif/tools/xtensa-esp-elf/esp-14.2.0_20241119/xtensa-esp-elf/bin/../lib/gcc/xtensa-esp-elf/14.2.0/../../../../xtensa-esp-elf/lib/esp32s3/crt0.o] ==> ignore
    arg [/Users/liufangzheng/.espressif/tools/xtensa-esp-elf/esp-14.2.0_20241119/xtensa-esp-elf/bin/../lib/gcc/xtensa-esp-elf/14.2.0/esp32s3/crti.o] ==> ignore
    arg [/Users/liufangzheng/.espressif/tools/xtensa-esp-elf/esp-14.2.0_20241119/xtensa-esp-elf/bin/../lib/gcc/xtensa-esp-elf/14.2.0/esp32s3/crtbegin.o] ==> ignore
    arg [-L/Users/liufangzheng/.espressif/tools/xtensa-esp-elf/esp-14.2.0_20241119/xtensa-esp-elf/bin/../lib/gcc/xtensa-esp-elf/14.2.0/esp32s3] ==> dir [/Users/liufangzheng/.espressif/tools/xtensa-esp-elf/esp-14.2.0_20241119/xtensa-esp-elf/bin/../lib/gcc/xtensa-esp-elf/14.2.0/esp32s3]
    arg [-L/Users/liufangzheng/.espressif/tools/xtensa-esp-elf/esp-14.2.0_20241119/xtensa-esp-elf/bin/../lib/gcc/xtensa-esp-elf/14.2.0/../../../../xtensa-esp-elf/lib/esp32s3] ==> dir [/Users/liufangzheng/.espressif/tools/xtensa-esp-elf/esp-14.2.0_20241119/xtensa-esp-elf/bin/../lib/gcc/xtensa-esp-elf/14.2.0/../../../../xtensa-esp-elf/lib/esp32s3]
    arg [-L/Users/liufangzheng/.espressif/tools/xtensa-esp-elf/esp-14.2.0_20241119/xtensa-esp-elf/bin/../xtensa-esp-elf/lib/esp32s3] ==> dir [/Users/liufangzheng/.espressif/tools/xtensa-esp-elf/esp-14.2.0_20241119/xtensa-esp-elf/bin/../xtensa-esp-elf/lib/esp32s3]
    arg [-L/Users/liufangzheng/.espressif/tools/xtensa-esp-elf/esp-14.2.0_20241119/xtensa-esp-elf/bin/../lib/gcc/xtensa-esp-elf/14.2.0] ==> dir [/Users/liufangzheng/.espressif/tools/xtensa-esp-elf/esp-14.2.0_20241119/xtensa-esp-elf/bin/../lib/gcc/xtensa-esp-elf/14.2.0]
    arg [-L/Users/liufangzheng/.espressif/tools/xtensa-esp-elf/esp-14.2.0_20241119/xtensa-esp-elf/bin/../lib/gcc] ==> dir [/Users/liufangzheng/.espressif/tools/xtensa-esp-elf/esp-14.2.0_20241119/xtensa-esp-elf/bin/../lib/gcc]
    arg [-L/Users/liufangzheng/.espressif/tools/xtensa-esp-elf/esp-14.2.0_20241119/xtensa-esp-elf/bin/../lib/gcc/xtensa-esp-elf/14.2.0/../../../../xtensa-esp-elf/lib] ==> dir [/Users/liufangzheng/.espressif/tools/xtensa-esp-elf/esp-14.2.0_20241119/xtensa-esp-elf/bin/../lib/gcc/xtensa-esp-elf/14.2.0/../../../../xtensa-esp-elf/lib]
    arg [-L/Users/liufangzheng/.espressif/tools/xtensa-esp-elf/esp-14.2.0_20241119/xtensa-esp-elf/bin/../xtensa-esp-elf/lib] ==> dir [/Users/liufangzheng/.espressif/tools/xtensa-esp-elf/esp-14.2.0_20241119/xtensa-esp-elf/bin/../xtensa-esp-elf/lib]
    arg [-L/Users/liufangzheng/.espressif/tools/xtensa-esp-elf/esp-14.2.0_20241119/xtensa-esp-elf/bin/../xtensa-esp-elf/usr/lib] ==> dir [/Users/liufangzheng/.espressif/tools/xtensa-esp-elf/esp-14.2.0_20241119/xtensa-esp-elf/bin/../xtensa-esp-elf/usr/lib]
    arg [CMakeFiles/cmTC_45868.dir/CMakeCCompilerABI.c.obj] ==> ignore
    arg [-lgcc] ==> lib [gcc]
    arg [-lc] ==> lib [c]
    arg [-lnosys] ==> lib [nosys]
    arg [-lc] ==> lib [c]
    arg [-lgcc] ==> lib [gcc]
    arg [/Users/liufangzheng/.espressif/tools/xtensa-esp-elf/esp-14.2.0_20241119/xtensa-esp-elf/bin/../lib/gcc/xtensa-esp-elf/14.2.0/esp32s3/crtend.o] ==> ignore
    arg [/Users/liufangzheng/.espressif/tools/xtensa-esp-elf/esp-14.2.0_20241119/xtensa-esp-elf/bin/../lib/gcc/xtensa-esp-elf/14.2.0/esp32s3/crtn.o] ==> ignore
  collapse library dir [/Users/liufangzheng/.espressif/tools/xtensa-esp-elf/esp-14.2.0_20241119/xtensa-esp-elf/bin/../lib/gcc/xtensa-esp-elf/14.2.0/esp32s3] ==> [/Users/liufangzheng/.espressif/tools/xtensa-esp-elf/esp-14.2.0_20241119/xtensa-esp-elf/lib/gcc/xtensa-esp-elf/14.2.0/esp32s3]
  collapse library dir [/Users/liufangzheng/.espressif/tools/xtensa-esp-elf/esp-14.2.0_20241119/xtensa-esp-elf/bin/../lib/gcc/xtensa-esp-elf/14.2.0/../../../../xtensa-esp-elf/lib/esp32s3] ==> [/Users/liufangzheng/.espressif/tools/xtensa-esp-elf/esp-14.2.0_20241119/xtensa-esp-elf/xtensa-esp-elf/lib/esp32s3]
  collapse library dir [/Users/liufangzheng/.espressif/tools/xtensa-esp-elf/esp-14.2.0_20241119/xtensa-esp-elf/bin/../xtensa-esp-elf/lib/esp32s3] ==> [/Users/liufangzheng/.espressif/tools/xtensa-esp-elf/esp-14.2.0_20241119/xtensa-esp-elf/xtensa-esp-elf/lib/esp32s3]
  collapse library dir [/Users/liufangzheng/.espressif/tools/xtensa-esp-elf/esp-14.2.0_20241119/xtensa-esp-elf/bin/../lib/gcc/xtensa-esp-elf/14.2.0] ==> [/Users/liufangzheng/.espressif/tools/xtensa-esp-elf/esp-14.2.0_20241119/xtensa-esp-elf/lib/gcc/xtensa-esp-elf/14.2.0]
  collapse library dir [/Users/liufangzheng/.espressif/tools/xtensa-esp-elf/esp-14.2.0_20241119/xtensa-esp-elf/bin/../lib/gcc] ==> [/Users/liufangzheng/.espressif/tools/xtensa-esp-elf/esp-14.2.0_20241119/xtensa-esp-elf/lib/gcc]
  collapse library dir [/Users/liufangzheng/.espressif/tools/xtensa-esp-elf/esp-14.2.0_20241119/xtensa-esp-elf/bin/../lib/gcc/xtensa-esp-elf/14.2.0/../../../../xtensa-esp-elf/lib] ==> [/Users/liufangzheng/.espressif/tools/xtensa-esp-elf/esp-14.2.0_20241119/xtensa-esp-elf/xtensa-esp-elf/lib]
  collapse library dir [/Users/liufangzheng/.espressif/tools/xtensa-esp-elf/esp-14.2.0_20241119/xtensa-esp-elf/bin/../xtensa-esp-elf/lib] ==> [/Users/liufangzheng/.espressif/tools/xtensa-esp-elf/esp-14.2.0_20241119/xtensa-esp-elf/xtensa-esp-elf/lib]
  collapse library dir [/Users/liufangzheng/.espressif/tools/xtensa-esp-elf/esp-14.2.0_20241119/xtensa-esp-elf/bin/../xtensa-esp-elf/usr/lib] ==> [/Users/liufangzheng/.espressif/tools/xtensa-esp-elf/esp-14.2.0_20241119/xtensa-esp-elf/xtensa-esp-elf/usr/lib]
  implicit libs: [gcc;c;nosys;c;gcc]
  implicit dirs: [/Users/liufangzheng/.espressif/tools/xtensa-esp-elf/esp-14.2.0_20241119/xtensa-esp-elf/lib/gcc/xtensa-esp-elf/14.2.0/esp32s3;/Users/liufangzheng/.espressif/tools/xtensa-esp-elf/esp-14.2.0_20241119/xtensa-esp-elf/xtensa-esp-elf/lib/esp32s3;/Users/liufangzheng/.espressif/tools/xtensa-esp-elf/esp-14.2.0_20241119/xtensa-esp-elf/lib/gcc/xtensa-esp-elf/14.2.0;/Users/liufangzheng/.espressif/tools/xtensa-esp-elf/esp-14.2.0_20241119/xtensa-esp-elf/lib/gcc;/Users/liufangzheng/.espressif/tools/xtensa-esp-elf/esp-14.2.0_20241119/xtensa-esp-elf/xtensa-esp-elf/lib;/Users/liufangzheng/.espressif/tools/xtensa-esp-elf/esp-14.2.0_20241119/xtensa-esp-elf/xtensa-esp-elf/usr/lib]
  implicit fwks: []


Detecting CXX compiler ABI info compiled with the following output:
Change Dir: /Users/liufangzheng/Documents/Lab/github/HexSense_MIT/HS_ESP32_CAM_module/firmware/ESP32S3-CAM-TRANS_DATA_THR_UART/build/CMakeFiles/CMakeTmp

Run Build Command(s):/opt/ST/STM32CubeCLT_1.16.0/Ninja/bin/ninja cmTC_1a4b1 && [1/2] Building CXX object CMakeFiles/cmTC_1a4b1.dir/CMakeCXXCompilerABI.cpp.obj
Using built-in specs.
COLLECT_GCC=/Users/liufangzheng/.espressif/tools/xtensa-esp-elf/esp-14.2.0_20241119/xtensa-esp-elf/bin/xtensa-esp-elf-g++
Target: xtensa-esp-elf
Configured with: /builds/idf/crosstool-NG/.build/xtensa-esp-elf/src/gcc/configure --build=x86_64-build_pc-linux-gnu --host=x86_64-host_apple-darwin21.1 --target=xtensa-esp-elf --prefix=/builds/idf/crosstool-NG/builds/xtensa-esp-elf --exec_prefix=/builds/idf/crosstool-NG/builds/xtensa-esp-elf --with-local-prefix=/builds/idf/crosstool-NG/builds/xtensa-esp-elf/xtensa-esp-elf --with-sysroot=/builds/idf/crosstool-NG/builds/xtensa-esp-elf/xtensa-esp-elf --with-native-system-header-dir=/include --with-newlib --enable-threads=no --disable-shared --with-pkgversion='crosstool-NG esp-14.2.0_20241119' --disable-__cxa_atexit --enable-cxx-flags=-ffunction-sections --disable-libgomp --disable-libmudflap --disable-libmpx --disable-libssp --disable-libquadmath --disable-libquadmath-support --disable-libstdcxx-verbose --with-gmp=/builds/idf/crosstool-NG/.build/xtensa-esp-elf/buildtools/complibs-host --with-mpfr=/builds/idf/crosstool-NG/.build/xtensa-esp-elf/buildtools/complibs-host --with-mpc=/builds/idf/crosstool-NG/.build/xtensa-esp-elf/buildtools/complibs-host --with-isl=/builds/idf/crosstool-NG/.build/xtensa-esp-elf/buildtools/complibs-host --enable-lto --enable-target-optspace --without-long-double-128 --disable-nls --enable-multiarch --enable-languages=c,c++ --disable-libstdcxx-verbose --enable-threads=posix --enable-gcov-custom-rtio --enable-libstdcxx-time=yes
Thread model: posix
Supported LTO compression algorithms: zlib
gcc version 14.2.0 (crosstool-NG esp-14.2.0_20241119) 
COLLECT_GCC_OPTIONS='-mdynconfig=xtensa_esp32s3.so' '-mlongcalls' '-fno-builtin-memcpy' '-fno-builtin-memset' '-fno-builtin-bzero' '-fno-builtin-stpcpy' '-fno-builtin-strncpy' '-v' '-o' 'CMakeFiles/cmTC_1a4b1.dir/CMakeCXXCompilerABI.cpp.obj' '-c' '-dumpdir' 'CMakeFiles/cmTC_1a4b1.dir/'
 /Users/liufangzheng/.espressif/tools/xtensa-esp-elf/esp-14.2.0_20241119/xtensa-esp-elf/bin/../libexec/gcc/xtensa-esp-elf/14.2.0/cc1plus -quiet -v -imultilib esp32s3 -iprefix /Users/liufangzheng/.espressif/tools/xtensa-esp-elf/esp-14.2.0_20241119/xtensa-esp-elf/bin/../lib/gcc/xtensa-esp-elf/14.2.0/ -isysroot /Users/liufangzheng/.espressif/tools/xtensa-esp-elf/esp-14.2.0_20241119/xtensa-esp-elf/bin/../xtensa-esp-elf /opt/local/share/cmake-3.19/Modules/CMakeCXXCompilerABI.cpp -quiet -dumpdir CMakeFiles/cmTC_1a4b1.dir/ -dumpbase CMakeCXXCompilerABI.cpp.cpp -dumpbase-ext .cpp -mdynconfig=xtensa_esp32s3.so -mlongcalls -version -fno-builtin-memcpy -fno-builtin-memset -fno-builtin-bzero -fno-builtin-stpcpy -fno-builtin-strncpy -o /var/folders/5x/yb1tpvsd1fs9lpzm2scrjh_80000gn/T//cc99GQse.s
GNU C++17 (crosstool-NG esp-14.2.0_20241119) version 14.2.0 (xtensa-esp-elf)
	compiled by GNU C version 8.3.0, GMP version 6.2.1, MPFR version 4.2.1, MPC version 1.2.1, isl version isl-0.26-GMP

GGC heuristics: --param ggc-min-expand=100 --param ggc-min-heapsize=131072
ignoring duplicate directory "/Users/liufangzheng/.espressif/tools/xtensa-esp-elf/esp-14.2.0_20241119/xtensa-esp-elf/bin/../lib/gcc/../../lib/gcc/xtensa-esp-elf/14.2.0/../../../../xtensa-esp-elf/include/c++/14.2.0"
ignoring duplicate directory "/Users/liufangzheng/.espressif/tools/xtensa-esp-elf/esp-14.2.0_20241119/xtensa-esp-elf/bin/../lib/gcc/../../lib/gcc/xtensa-esp-elf/14.2.0/../../../../xtensa-esp-elf/include/c++/14.2.0/xtensa-esp-elf/esp32s3"
ignoring duplicate directory "/Users/liufangzheng/.espressif/tools/xtensa-esp-elf/esp-14.2.0_20241119/xtensa-esp-elf/bin/../lib/gcc/../../lib/gcc/xtensa-esp-elf/14.2.0/../../../../xtensa-esp-elf/include/c++/14.2.0/backward"
ignoring duplicate directory "/Users/liufangzheng/.espressif/tools/xtensa-esp-elf/esp-14.2.0_20241119/xtensa-esp-elf/bin/../lib/gcc/../../lib/gcc/xtensa-esp-elf/14.2.0/include"
ignoring nonexistent directory "/Users/liufangzheng/.espressif/tools/xtensa-esp-elf/esp-14.2.0_20241119/xtensa-esp-elf/bin/../xtensa-esp-elf/builds/idf/crosstool-NG/builds/xtensa-esp-elf/xtensa-esp-elf/include"
ignoring duplicate directory "/Users/liufangzheng/.espressif/tools/xtensa-esp-elf/esp-14.2.0_20241119/xtensa-esp-elf/bin/../lib/gcc/../../lib/gcc/xtensa-esp-elf/14.2.0/include-fixed"
ignoring duplicate directory "/Users/liufangzheng/.espressif/tools/xtensa-esp-elf/esp-14.2.0_20241119/xtensa-esp-elf/bin/../lib/gcc/../../lib/gcc/xtensa-esp-elf/14.2.0/../../../../xtensa-esp-elf/include"
ignoring duplicate directory "/Users/liufangzheng/.espressif/tools/xtensa-esp-elf/esp-14.2.0_20241119/xtensa-esp-elf/bin/../xtensa-esp-elf/include"
#include "..." search starts here:
#include <...> search starts here:
 /Users/liufangzheng/.espressif/tools/xtensa-esp-elf/esp-14.2.0_20241119/xtensa-esp-elf/bin/../lib/gcc/xtensa-esp-elf/14.2.0/../../../../xtensa-esp-elf/include/c++/14.2.0
 /Users/liufangzheng/.espressif/tools/xtensa-esp-elf/esp-14.2.0_20241119/xtensa-esp-elf/bin/../lib/gcc/xtensa-esp-elf/14.2.0/../../../../xtensa-esp-elf/include/c++/14.2.0/xtensa-esp-elf/esp32s3
 /Users/liufangzheng/.espressif/tools/xtensa-esp-elf/esp-14.2.0_20241119/xtensa-esp-elf/bin/../lib/gcc/xtensa-esp-elf/14.2.0/../../../../xtensa-esp-elf/include/c++/14.2.0/backward
 /Users/liufangzheng/.espressif/tools/xtensa-esp-elf/esp-14.2.0_20241119/xtensa-esp-elf/bin/../lib/gcc/xtensa-esp-elf/14.2.0/include
 /Users/liufangzheng/.espressif/tools/xtensa-esp-elf/esp-14.2.0_20241119/xtensa-esp-elf/bin/../lib/gcc/xtensa-esp-elf/14.2.0/include-fixed
 /Users/liufangzheng/.espressif/tools/xtensa-esp-elf/esp-14.2.0_20241119/xtensa-esp-elf/bin/../lib/gcc/xtensa-esp-elf/14.2.0/../../../../xtensa-esp-elf/include
End of search list.
Compiler executable checksum: e15e2fd6ba0fc329de9e3e68b54cd450
COLLECT_GCC_OPTIONS='-mdynconfig=xtensa_esp32s3.so' '-mlongcalls' '-fno-builtin-memcpy' '-fno-builtin-memset' '-fno-builtin-bzero' '-fno-builtin-stpcpy' '-fno-builtin-strncpy' '-v' '-o' 'CMakeFiles/cmTC_1a4b1.dir/CMakeCXXCompilerABI.cpp.obj' '-c' '-dumpdir' 'CMakeFiles/cmTC_1a4b1.dir/'
 /Users/liufangzheng/.espressif/tools/xtensa-esp-elf/esp-14.2.0_20241119/xtensa-esp-elf/bin/../lib/gcc/xtensa-esp-elf/14.2.0/../../../../xtensa-esp-elf/bin/as --traditional-format --longcalls --dynconfig=xtensa_esp32s3.so -o CMakeFiles/cmTC_1a4b1.dir/CMakeCXXCompilerABI.cpp.obj /var/folders/5x/yb1tpvsd1fs9lpzm2scrjh_80000gn/T//cc99GQse.s
COMPILER_PATH=/Users/liufangzheng/.espressif/tools/xtensa-esp-elf/esp-14.2.0_20241119/xtensa-esp-elf/bin/../libexec/gcc/xtensa-esp-elf/14.2.0/:/Users/liufangzheng/.espressif/tools/xtensa-esp-elf/esp-14.2.0_20241119/xtensa-esp-elf/bin/../libexec/gcc/:/Users/liufangzheng/.espressif/tools/xtensa-esp-elf/esp-14.2.0_20241119/xtensa-esp-elf/bin/../lib/gcc/xtensa-esp-elf/14.2.0/../../../../xtensa-esp-elf/bin/
LIBRARY_PATH=/Users/liufangzheng/.espressif/tools/xtensa-esp-elf/esp-14.2.0_20241119/xtensa-esp-elf/bin/../lib/gcc/xtensa-esp-elf/14.2.0/esp32s3/:/Users/liufangzheng/.espressif/tools/xtensa-esp-elf/esp-14.2.0_20241119/xtensa-esp-elf/bin/../lib/gcc/xtensa-esp-elf/14.2.0/../../../../xtensa-esp-elf/lib/esp32s3/:/Users/liufangzheng/.espressif/tools/xtensa-esp-elf/esp-14.2.0_20241119/xtensa-esp-elf/bin/../xtensa-esp-elf/lib/esp32s3/:/Users/liufangzheng/.espressif/tools/xtensa-esp-elf/esp-14.2.0_20241119/xtensa-esp-elf/bin/../lib/gcc/xtensa-esp-elf/14.2.0/:/Users/liufangzheng/.espressif/tools/xtensa-esp-elf/esp-14.2.0_20241119/xtensa-esp-elf/bin/../lib/gcc/:/Users/liufangzheng/.espressif/tools/xtensa-esp-elf/esp-14.2.0_20241119/xtensa-esp-elf/bin/../lib/gcc/xtensa-esp-elf/14.2.0/../../../../xtensa-esp-elf/lib/:/Users/liufangzheng/.espressif/tools/xtensa-esp-elf/esp-14.2.0_20241119/xtensa-esp-elf/bin/../xtensa-esp-elf/lib/:/Users/liufangzheng/.espressif/tools/xtensa-esp-elf/esp-14.2.0_20241119/xtensa-esp-elf/bin/../xtensa-esp-elf/usr/lib/
COLLECT_GCC_OPTIONS='-mdynconfig=xtensa_esp32s3.so' '-mlongcalls' '-fno-builtin-memcpy' '-fno-builtin-memset' '-fno-builtin-bzero' '-fno-builtin-stpcpy' '-fno-builtin-strncpy' '-v' '-o' 'CMakeFiles/cmTC_1a4b1.dir/CMakeCXXCompilerABI.cpp.obj' '-c' '-dumpdir' 'CMakeFiles/cmTC_1a4b1.dir/CMakeCXXCompilerABI.cpp.'
[2/2] Linking CXX executable cmTC_1a4b1
Using built-in specs.
COLLECT_GCC=/Users/liufangzheng/.espressif/tools/xtensa-esp-elf/esp-14.2.0_20241119/xtensa-esp-elf/bin/xtensa-esp-elf-g++
COLLECT_LTO_WRAPPER=/Users/liufangzheng/.espressif/tools/xtensa-esp-elf/esp-14.2.0_20241119/xtensa-esp-elf/bin/../libexec/gcc/xtensa-esp-elf/14.2.0/lto-wrapper
Target: xtensa-esp-elf
Configured with: /builds/idf/crosstool-NG/.build/xtensa-esp-elf/src/gcc/configure --build=x86_64-build_pc-linux-gnu --host=x86_64-host_apple-darwin21.1 --target=xtensa-esp-elf --prefix=/builds/idf/crosstool-NG/builds/xtensa-esp-elf --exec_prefix=/builds/idf/crosstool-NG/builds/xtensa-esp-elf --with-local-prefix=/builds/idf/crosstool-NG/builds/xtensa-esp-elf/xtensa-esp-elf --with-sysroot=/builds/idf/crosstool-NG/builds/xtensa-esp-elf/xtensa-esp-elf --with-native-system-header-dir=/include --with-newlib --enable-threads=no --disable-shared --with-pkgversion='crosstool-NG esp-14.2.0_20241119' --disable-__cxa_atexit --enable-cxx-flags=-ffunction-sections --disable-libgomp --disable-libmudflap --disable-libmpx --disable-libssp --disable-libquadmath --disable-libquadmath-support --disable-libstdcxx-verbose --with-gmp=/builds/idf/crosstool-NG/.build/xtensa-esp-elf/buildtools/complibs-host --with-mpfr=/builds/idf/crosstool-NG/.build/xtensa-esp-elf/buildtools/complibs-host --with-mpc=/builds/idf/crosstool-NG/.build/xtensa-esp-elf/buildtools/complibs-host --with-isl=/builds/idf/crosstool-NG/.build/xtensa-esp-elf/buildtools/complibs-host --enable-lto --enable-target-optspace --without-long-double-128 --disable-nls --enable-multiarch --enable-languages=c,c++ --disable-libstdcxx-verbose --enable-threads=posix --enable-gcov-custom-rtio --enable-libstdcxx-time=yes
Thread model: posix
Supported LTO compression algorithms: zlib
gcc version 14.2.0 (crosstool-NG esp-14.2.0_20241119) 
COMPILER_PATH=/Users/liufangzheng/.espressif/tools/xtensa-esp-elf/esp-14.2.0_20241119/xtensa-esp-elf/bin/../libexec/gcc/xtensa-esp-elf/14.2.0/:/Users/liufangzheng/.espressif/tools/xtensa-esp-elf/esp-14.2.0_20241119/xtensa-esp-elf/bin/../libexec/gcc/:/Users/liufangzheng/.espressif/tools/xtensa-esp-elf/esp-14.2.0_20241119/xtensa-esp-elf/bin/../lib/gcc/xtensa-esp-elf/14.2.0/../../../../xtensa-esp-elf/bin/
LIBRARY_PATH=/Users/liufangzheng/.espressif/tools/xtensa-esp-elf/esp-14.2.0_20241119/xtensa-esp-elf/bin/../lib/gcc/xtensa-esp-elf/14.2.0/esp32s3/:/Users/liufangzheng/.espressif/tools/xtensa-esp-elf/esp-14.2.0_20241119/xtensa-esp-elf/bin/../lib/gcc/xtensa-esp-elf/14.2.0/../../../../xtensa-esp-elf/lib/esp32s3/:/Users/liufangzheng/.espressif/tools/xtensa-esp-elf/esp-14.2.0_20241119/xtensa-esp-elf/bin/../xtensa-esp-elf/lib/esp32s3/:/Users/liufangzheng/.espressif/tools/xtensa-esp-elf/esp-14.2.0_20241119/xtensa-esp-elf/bin/../lib/gcc/xtensa-esp-elf/14.2.0/:/Users/liufangzheng/.espressif/tools/xtensa-esp-elf/esp-14.2.0_20241119/xtensa-esp-elf/bin/../lib/gcc/:/Users/liufangzheng/.espressif/tools/xtensa-esp-elf/esp-14.2.0_20241119/xtensa-esp-elf/bin/../lib/gcc/xtensa-esp-elf/14.2.0/../../../../xtensa-esp-elf/lib/:/Users/liufangzheng/.espressif/tools/xtensa-esp-elf/esp-14.2.0_20241119/xtensa-esp-elf/bin/../xtensa-esp-elf/lib/:/Users/liufangzheng/.espressif/tools/xtensa-esp-elf/esp-14.2.0_20241119/xtensa-esp-elf/bin/../xtensa-esp-elf/usr/lib/
COLLECT_GCC_OPTIONS='-mdynconfig=xtensa_esp32s3.so' '-mlongcalls' '-fno-builtin-memcpy' '-fno-builtin-memset' '-fno-builtin-bzero' '-fno-builtin-stpcpy' '-fno-builtin-strncpy' '-v' '-o' 'cmTC_1a4b1' '-dumpdir' 'cmTC_1a4b1.'
 /Users/liufangzheng/.espressif/tools/xtensa-esp-elf/esp-14.2.0_20241119/xtensa-esp-elf/bin/../libexec/gcc/xtensa-esp-elf/14.2.0/collect2 -plugin /Users/liufangzheng/.espressif/tools/xtensa-esp-elf/esp-14.2.0_20241119/xtensa-esp-elf/bin/../libexec/gcc/xtensa-esp-elf/14.2.0/liblto_plugin.so -plugin-opt=/Users/liufangzheng/.espressif/tools/xtensa-esp-elf/esp-14.2.0_20241119/xtensa-esp-elf/bin/../libexec/gcc/xtensa-esp-elf/14.2.0/lto-wrapper -plugin-opt=-fresolution=/var/folders/5x/yb1tpvsd1fs9lpzm2scrjh_80000gn/T//cc823zsG.res -plugin-opt=-pass-through=-lgcc -plugin-opt=-pass-through=-lc -plugin-opt=-pass-through=-lnosys -plugin-opt=-pass-through=-lc -plugin-opt=-pass-through=-lgcc --sysroot=/Users/liufangzheng/.espressif/tools/xtensa-esp-elf/esp-14.2.0_20241119/xtensa-esp-elf/bin/../xtensa-esp-elf --dynconfig=xtensa_esp32s3.so -o cmTC_1a4b1 /Users/liufangzheng/.espressif/tools/xtensa-esp-elf/esp-14.2.0_20241119/xtensa-esp-elf/bin/../lib/gcc/xtensa-esp-elf/14.2.0/../../../../xtensa-esp-elf/lib/esp32s3/crt0.o /Users/liufangzheng/.espressif/tools/xtensa-esp-elf/esp-14.2.0_20241119/xtensa-esp-elf/bin/../lib/gcc/xtensa-esp-elf/14.2.0/esp32s3/crti.o /Users/liufangzheng/.espressif/tools/xtensa-esp-elf/esp-14.2.0_20241119/xtensa-esp-elf/bin/../lib/gcc/xtensa-esp-elf/14.2.0/esp32s3/crtbegin.o -L/Users/liufangzheng/.espressif/tools/xtensa-esp-elf/esp-14.2.0_20241119/xtensa-esp-elf/bin/../lib/gcc/xtensa-esp-elf/14.2.0/esp32s3 -L/Users/liufangzheng/.espressif/tools/xtensa-esp-elf/esp-14.2.0_20241119/xtensa-esp-elf/bin/../lib/gcc/xtensa-esp-elf/14.2.0/../../../../xtensa-esp-elf/lib/esp32s3 -L/Users/liufangzheng/.espressif/tools/xtensa-esp-elf/esp-14.2.0_20241119/xtensa-esp-elf/bin/../xtensa-esp-elf/lib/esp32s3 -L/Users/liufangzheng/.espressif/tools/xtensa-esp-elf/esp-14.2.0_20241119/xtensa-esp-elf/bin/../lib/gcc/xtensa-esp-elf/14.2.0 -L/Users/liufangzheng/.espressif/tools/xtensa-esp-elf/esp-14.2.0_20241119/xtensa-esp-elf/bin/../lib/gcc -L/Users/liufangzheng/.espressif/tools/xtensa-esp-elf/esp-14.2.0_20241119/xtensa-esp-elf/bin/../lib/gcc/xtensa-esp-elf/14.2.0/../../../../xtensa-esp-elf/lib -L/Users/liufangzheng/.espressif/tools/xtensa-esp-elf/esp-14.2.0_20241119/xtensa-esp-elf/bin/../xtensa-esp-elf/lib -L/Users/liufangzheng/.espressif/tools/xtensa-esp-elf/esp-14.2.0_20241119/xtensa-esp-elf/bin/../xtensa-esp-elf/usr/lib CMakeFiles/cmTC_1a4b1.dir/CMakeCXXCompilerABI.cpp.obj -lstdc++ -lm -lgcc -lc -lnosys -lc -lgcc /Users/liufangzheng/.espressif/tools/xtensa-esp-elf/esp-14.2.0_20241119/xtensa-esp-elf/bin/../lib/gcc/xtensa-esp-elf/14.2.0/esp32s3/crtend.o /Users/liufangzheng/.espressif/tools/xtensa-esp-elf/esp-14.2.0_20241119/xtensa-esp-elf/bin/../lib/gcc/xtensa-esp-elf/14.2.0/esp32s3/crtn.o
COLLECT_GCC_OPTIONS='-mdynconfig=xtensa_esp32s3.so' '-mlongcalls' '-fno-builtin-memcpy' '-fno-builtin-memset' '-fno-builtin-bzero' '-fno-builtin-stpcpy' '-fno-builtin-strncpy' '-v' '-o' 'cmTC_1a4b1' '-dumpdir' 'cmTC_1a4b1.'



Parsed CXX implicit include dir info from above output: rv=done
  found start of include info
  found start of implicit include info
    add: [/Users/liufangzheng/.espressif/tools/xtensa-esp-elf/esp-14.2.0_20241119/xtensa-esp-elf/bin/../lib/gcc/xtensa-esp-elf/14.2.0/../../../../xtensa-esp-elf/include/c++/14.2.0]
    add: [/Users/liufangzheng/.espressif/tools/xtensa-esp-elf/esp-14.2.0_20241119/xtensa-esp-elf/bin/../lib/gcc/xtensa-esp-elf/14.2.0/../../../../xtensa-esp-elf/include/c++/14.2.0/xtensa-esp-elf/esp32s3]
    add: [/Users/liufangzheng/.espressif/tools/xtensa-esp-elf/esp-14.2.0_20241119/xtensa-esp-elf/bin/../lib/gcc/xtensa-esp-elf/14.2.0/../../../../xtensa-esp-elf/include/c++/14.2.0/backward]
    add: [/Users/liufangzheng/.espressif/tools/xtensa-esp-elf/esp-14.2.0_20241119/xtensa-esp-elf/bin/../lib/gcc/xtensa-esp-elf/14.2.0/include]
    add: [/Users/liufangzheng/.espressif/tools/xtensa-esp-elf/esp-14.2.0_20241119/xtensa-esp-elf/bin/../lib/gcc/xtensa-esp-elf/14.2.0/include-fixed]
    add: [/Users/liufangzheng/.espressif/tools/xtensa-esp-elf/esp-14.2.0_20241119/xtensa-esp-elf/bin/../lib/gcc/xtensa-esp-elf/14.2.0/../../../../xtensa-esp-elf/include]
  end of search list found
  collapse include dir [/Users/liufangzheng/.espressif/tools/xtensa-esp-elf/esp-14.2.0_20241119/xtensa-esp-elf/bin/../lib/gcc/xtensa-esp-elf/14.2.0/../../../../xtensa-esp-elf/include/c++/14.2.0] ==> [/Users/liufangzheng/.espressif/tools/xtensa-esp-elf/esp-14.2.0_20241119/xtensa-esp-elf/xtensa-esp-elf/include/c++/14.2.0]
  collapse include dir [/Users/liufangzheng/.espressif/tools/xtensa-esp-elf/esp-14.2.0_20241119/xtensa-esp-elf/bin/../lib/gcc/xtensa-esp-elf/14.2.0/../../../../xtensa-esp-elf/include/c++/14.2.0/xtensa-esp-elf/esp32s3] ==> [/Users/liufangzheng/.espressif/tools/xtensa-esp-elf/esp-14.2.0_20241119/xtensa-esp-elf/xtensa-esp-elf/include/c++/14.2.0/xtensa-esp-elf/esp32s3]
  collapse include dir [/Users/liufangzheng/.espressif/tools/xtensa-esp-elf/esp-14.2.0_20241119/xtensa-esp-elf/bin/../lib/gcc/xtensa-esp-elf/14.2.0/../../../../xtensa-esp-elf/include/c++/14.2.0/backward] ==> [/Users/liufangzheng/.espressif/tools/xtensa-esp-elf/esp-14.2.0_20241119/xtensa-esp-elf/xtensa-esp-elf/include/c++/14.2.0/backward]
  collapse include dir [/Users/liufangzheng/.espressif/tools/xtensa-esp-elf/esp-14.2.0_20241119/xtensa-esp-elf/bin/../lib/gcc/xtensa-esp-elf/14.2.0/include] ==> [/Users/liufangzheng/.espressif/tools/xtensa-esp-elf/esp-14.2.0_20241119/xtensa-esp-elf/lib/gcc/xtensa-esp-elf/14.2.0/include]
  collapse include dir [/Users/liufangzheng/.espressif/tools/xtensa-esp-elf/esp-14.2.0_20241119/xtensa-esp-elf/bin/../lib/gcc/xtensa-esp-elf/14.2.0/include-fixed] ==> [/Users/liufangzheng/.espressif/tools/xtensa-esp-elf/esp-14.2.0_20241119/xtensa-esp-elf/lib/gcc/xtensa-esp-elf/14.2.0/include-fixed]
  collapse include dir [/Users/liufangzheng/.espressif/tools/xtensa-esp-elf/esp-14.2.0_20241119/xtensa-esp-elf/bin/../lib/gcc/xtensa-esp-elf/14.2.0/../../../../xtensa-esp-elf/include] ==> [/Users/liufangzheng/.espressif/tools/xtensa-esp-elf/esp-14.2.0_20241119/xtensa-esp-elf/xtensa-esp-elf/include]
  implicit include dirs: [/Users/liufangzheng/.espressif/tools/xtensa-esp-elf/esp-14.2.0_20241119/xtensa-esp-elf/xtensa-esp-elf/include/c++/14.2.0;/Users/liufangzheng/.espressif/tools/xtensa-esp-elf/esp-14.2.0_20241119/xtensa-esp-elf/xtensa-esp-elf/include/c++/14.2.0/xtensa-esp-elf/esp32s3;/Users/liufangzheng/.espressif/tools/xtensa-esp-elf/esp-14.2.0_20241119/xtensa-esp-elf/xtensa-esp-elf/include/c++/14.2.0/backward;/Users/liufangzheng/.espressif/tools/xtensa-esp-elf/esp-14.2.0_20241119/xtensa-esp-elf/lib/gcc/xtensa-esp-elf/14.2.0/include;/Users/liufangzheng/.espressif/tools/xtensa-esp-elf/esp-14.2.0_20241119/xtensa-esp-elf/lib/gcc/xtensa-esp-elf/14.2.0/include-fixed;/Users/liufangzheng/.espressif/tools/xtensa-esp-elf/esp-14.2.0_20241119/xtensa-esp-elf/xtensa-esp-elf/include]


Parsed CXX implicit link information from above output:
  link line regex: [^( *|.*[/\])(xtensa-esp32s3-elf-ld|CMAKE_LINK_STARTFILE-NOTFOUND|([^/\]+-)?ld|collect2)[^/\]*( |$)]
  ignore line: [Change Dir: /Users/liufangzheng/Documents/Lab/github/HexSense_MIT/HS_ESP32_CAM_module/firmware/ESP32S3-CAM-TRANS_DATA_THR_UART/build/CMakeFiles/CMakeTmp]
  ignore line: []
  ignore line: [Run Build Command(s):/opt/ST/STM32CubeCLT_1.16.0/Ninja/bin/ninja cmTC_1a4b1 && [1/2] Building CXX object CMakeFiles/cmTC_1a4b1.dir/CMakeCXXCompilerABI.cpp.obj]
  ignore line: [Using built-in specs.]
  ignore line: [COLLECT_GCC=/Users/liufangzheng/.espressif/tools/xtensa-esp-elf/esp-14.2.0_20241119/xtensa-esp-elf/bin/xtensa-esp-elf-g++]
  ignore line: [Target: xtensa-esp-elf]
  ignore line: [Configured with: /builds/idf/crosstool-NG/.build/xtensa-esp-elf/src/gcc/configure --build=x86_64-build_pc-linux-gnu --host=x86_64-host_apple-darwin21.1 --target=xtensa-esp-elf --prefix=/builds/idf/crosstool-NG/builds/xtensa-esp-elf --exec_prefix=/builds/idf/crosstool-NG/builds/xtensa-esp-elf --with-local-prefix=/builds/idf/crosstool-NG/builds/xtensa-esp-elf/xtensa-esp-elf --with-sysroot=/builds/idf/crosstool-NG/builds/xtensa-esp-elf/xtensa-esp-elf --with-native-system-header-dir=/include --with-newlib --enable-threads=no --disable-shared --with-pkgversion='crosstool-NG esp-14.2.0_20241119' --disable-__cxa_atexit --enable-cxx-flags=-ffunction-sections --disable-libgomp --disable-libmudflap --disable-libmpx --disable-libssp --disable-libquadmath --disable-libquadmath-support --disable-libstdcxx-verbose --with-gmp=/builds/idf/crosstool-NG/.build/xtensa-esp-elf/buildtools/complibs-host --with-mpfr=/builds/idf/crosstool-NG/.build/xtensa-esp-elf/buildtools/complibs-host --with-mpc=/builds/idf/crosstool-NG/.build/xtensa-esp-elf/buildtools/complibs-host --with-isl=/builds/idf/crosstool-NG/.build/xtensa-esp-elf/buildtools/complibs-host --enable-lto --enable-target-optspace --without-long-double-128 --disable-nls --enable-multiarch --enable-languages=c c++ --disable-libstdcxx-verbose --enable-threads=posix --enable-gcov-custom-rtio --enable-libstdcxx-time=yes]
  ignore line: [Thread model: posix]
  ignore line: [Supported LTO compression algorithms: zlib]
  ignore line: [gcc version 14.2.0 (crosstool-NG esp-14.2.0_20241119) ]
  ignore line: [COLLECT_GCC_OPTIONS='-mdynconfig=xtensa_esp32s3.so' '-mlongcalls' '-fno-builtin-memcpy' '-fno-builtin-memset' '-fno-builtin-bzero' '-fno-builtin-stpcpy' '-fno-builtin-strncpy' '-v' '-o' 'CMakeFiles/cmTC_1a4b1.dir/CMakeCXXCompilerABI.cpp.obj' '-c' '-dumpdir' 'CMakeFiles/cmTC_1a4b1.dir/']
  ignore line: [ /Users/liufangzheng/.espressif/tools/xtensa-esp-elf/esp-14.2.0_20241119/xtensa-esp-elf/bin/../libexec/gcc/xtensa-esp-elf/14.2.0/cc1plus -quiet -v -imultilib esp32s3 -iprefix /Users/liufangzheng/.espressif/tools/xtensa-esp-elf/esp-14.2.0_20241119/xtensa-esp-elf/bin/../lib/gcc/xtensa-esp-elf/14.2.0/ -isysroot /Users/liufangzheng/.espressif/tools/xtensa-esp-elf/esp-14.2.0_20241119/xtensa-esp-elf/bin/../xtensa-esp-elf /opt/local/share/cmake-3.19/Modules/CMakeCXXCompilerABI.cpp -quiet -dumpdir CMakeFiles/cmTC_1a4b1.dir/ -dumpbase CMakeCXXCompilerABI.cpp.cpp -dumpbase-ext .cpp -mdynconfig=xtensa_esp32s3.so -mlongcalls -version -fno-builtin-memcpy -fno-builtin-memset -fno-builtin-bzero -fno-builtin-stpcpy -fno-builtin-strncpy -o /var/folders/5x/yb1tpvsd1fs9lpzm2scrjh_80000gn/T//cc99GQse.s]
  ignore line: [GNU C++17 (crosstool-NG esp-14.2.0_20241119) version 14.2.0 (xtensa-esp-elf)]
  ignore line: [	compiled by GNU C version 8.3.0  GMP version 6.2.1  MPFR version 4.2.1  MPC version 1.2.1  isl version isl-0.26-GMP]
  ignore line: []
  ignore line: [GGC heuristics: --param ggc-min-expand=100 --param ggc-min-heapsize=131072]
  ignore line: [ignoring duplicate directory "/Users/liufangzheng/.espressif/tools/xtensa-esp-elf/esp-14.2.0_20241119/xtensa-esp-elf/bin/../lib/gcc/../../lib/gcc/xtensa-esp-elf/14.2.0/../../../../xtensa-esp-elf/include/c++/14.2.0"]
  ignore line: [ignoring duplicate directory "/Users/liufangzheng/.espressif/tools/xtensa-esp-elf/esp-14.2.0_20241119/xtensa-esp-elf/bin/../lib/gcc/../../lib/gcc/xtensa-esp-elf/14.2.0/../../../../xtensa-esp-elf/include/c++/14.2.0/xtensa-esp-elf/esp32s3"]
  ignore line: [ignoring duplicate directory "/Users/liufangzheng/.espressif/tools/xtensa-esp-elf/esp-14.2.0_20241119/xtensa-esp-elf/bin/../lib/gcc/../../lib/gcc/xtensa-esp-elf/14.2.0/../../../../xtensa-esp-elf/include/c++/14.2.0/backward"]
  ignore line: [ignoring duplicate directory "/Users/liufangzheng/.espressif/tools/xtensa-esp-elf/esp-14.2.0_20241119/xtensa-esp-elf/bin/../lib/gcc/../../lib/gcc/xtensa-esp-elf/14.2.0/include"]
  ignore line: [ignoring nonexistent directory "/Users/liufangzheng/.espressif/tools/xtensa-esp-elf/esp-14.2.0_20241119/xtensa-esp-elf/bin/../xtensa-esp-elf/builds/idf/crosstool-NG/builds/xtensa-esp-elf/xtensa-esp-elf/include"]
  ignore line: [ignoring duplicate directory "/Users/liufangzheng/.espressif/tools/xtensa-esp-elf/esp-14.2.0_20241119/xtensa-esp-elf/bin/../lib/gcc/../../lib/gcc/xtensa-esp-elf/14.2.0/include-fixed"]
  ignore line: [ignoring duplicate directory "/Users/liufangzheng/.espressif/tools/xtensa-esp-elf/esp-14.2.0_20241119/xtensa-esp-elf/bin/../lib/gcc/../../lib/gcc/xtensa-esp-elf/14.2.0/../../../../xtensa-esp-elf/include"]
  ignore line: [ignoring duplicate directory "/Users/liufangzheng/.espressif/tools/xtensa-esp-elf/esp-14.2.0_20241119/xtensa-esp-elf/bin/../xtensa-esp-elf/include"]
  ignore line: [#include "..." search starts here:]
  ignore line: [#include <...> search starts here:]
  ignore line: [ /Users/liufangzheng/.espressif/tools/xtensa-esp-elf/esp-14.2.0_20241119/xtensa-esp-elf/bin/../lib/gcc/xtensa-esp-elf/14.2.0/../../../../xtensa-esp-elf/include/c++/14.2.0]
  ignore line: [ /Users/liufangzheng/.espressif/tools/xtensa-esp-elf/esp-14.2.0_20241119/xtensa-esp-elf/bin/../lib/gcc/xtensa-esp-elf/14.2.0/../../../../xtensa-esp-elf/include/c++/14.2.0/xtensa-esp-elf/esp32s3]
  ignore line: [ /Users/liufangzheng/.espressif/tools/xtensa-esp-elf/esp-14.2.0_20241119/xtensa-esp-elf/bin/../lib/gcc/xtensa-esp-elf/14.2.0/../../../../xtensa-esp-elf/include/c++/14.2.0/backward]
  ignore line: [ /Users/liufangzheng/.espressif/tools/xtensa-esp-elf/esp-14.2.0_20241119/xtensa-esp-elf/bin/../lib/gcc/xtensa-esp-elf/14.2.0/include]
  ignore line: [ /Users/liufangzheng/.espressif/tools/xtensa-esp-elf/esp-14.2.0_20241119/xtensa-esp-elf/bin/../lib/gcc/xtensa-esp-elf/14.2.0/include-fixed]
  ignore line: [ /Users/liufangzheng/.espressif/tools/xtensa-esp-elf/esp-14.2.0_20241119/xtensa-esp-elf/bin/../lib/gcc/xtensa-esp-elf/14.2.0/../../../../xtensa-esp-elf/include]
  ignore line: [End of search list.]
  ignore line: [Compiler executable checksum: e15e2fd6ba0fc329de9e3e68b54cd450]
  ignore line: [COLLECT_GCC_OPTIONS='-mdynconfig=xtensa_esp32s3.so' '-mlongcalls' '-fno-builtin-memcpy' '-fno-builtin-memset' '-fno-builtin-bzero' '-fno-builtin-stpcpy' '-fno-builtin-strncpy' '-v' '-o' 'CMakeFiles/cmTC_1a4b1.dir/CMakeCXXCompilerABI.cpp.obj' '-c' '-dumpdir' 'CMakeFiles/cmTC_1a4b1.dir/']
  ignore line: [ /Users/liufangzheng/.espressif/tools/xtensa-esp-elf/esp-14.2.0_20241119/xtensa-esp-elf/bin/../lib/gcc/xtensa-esp-elf/14.2.0/../../../../xtensa-esp-elf/bin/as --traditional-format --longcalls --dynconfig=xtensa_esp32s3.so -o CMakeFiles/cmTC_1a4b1.dir/CMakeCXXCompilerABI.cpp.obj /var/folders/5x/yb1tpvsd1fs9lpzm2scrjh_80000gn/T//cc99GQse.s]
  ignore line: [COMPILER_PATH=/Users/liufangzheng/.espressif/tools/xtensa-esp-elf/esp-14.2.0_20241119/xtensa-esp-elf/bin/../libexec/gcc/xtensa-esp-elf/14.2.0/:/Users/liufangzheng/.espressif/tools/xtensa-esp-elf/esp-14.2.0_20241119/xtensa-esp-elf/bin/../libexec/gcc/:/Users/liufangzheng/.espressif/tools/xtensa-esp-elf/esp-14.2.0_20241119/xtensa-esp-elf/bin/../lib/gcc/xtensa-esp-elf/14.2.0/../../../../xtensa-esp-elf/bin/]
  ignore line: [LIBRARY_PATH=/Users/liufangzheng/.espressif/tools/xtensa-esp-elf/esp-14.2.0_20241119/xtensa-esp-elf/bin/../lib/gcc/xtensa-esp-elf/14.2.0/esp32s3/:/Users/liufangzheng/.espressif/tools/xtensa-esp-elf/esp-14.2.0_20241119/xtensa-esp-elf/bin/../lib/gcc/xtensa-esp-elf/14.2.0/../../../../xtensa-esp-elf/lib/esp32s3/:/Users/liufangzheng/.espressif/tools/xtensa-esp-elf/esp-14.2.0_20241119/xtensa-esp-elf/bin/../xtensa-esp-elf/lib/esp32s3/:/Users/liufangzheng/.espressif/tools/xtensa-esp-elf/esp-14.2.0_20241119/xtensa-esp-elf/bin/../lib/gcc/xtensa-esp-elf/14.2.0/:/Users/liufangzheng/.espressif/tools/xtensa-esp-elf/esp-14.2.0_20241119/xtensa-esp-elf/bin/../lib/gcc/:/Users/liufangzheng/.espressif/tools/xtensa-esp-elf/esp-14.2.0_20241119/xtensa-esp-elf/bin/../lib/gcc/xtensa-esp-elf/14.2.0/../../../../xtensa-esp-elf/lib/:/Users/liufangzheng/.espressif/tools/xtensa-esp-elf/esp-14.2.0_20241119/xtensa-esp-elf/bin/../xtensa-esp-elf/lib/:/Users/liufangzheng/.espressif/tools/xtensa-esp-elf/esp-14.2.0_20241119/xtensa-esp-elf/bin/../xtensa-esp-elf/usr/lib/]
  ignore line: [COLLECT_GCC_OPTIONS='-mdynconfig=xtensa_esp32s3.so' '-mlongcalls' '-fno-builtin-memcpy' '-fno-builtin-memset' '-fno-builtin-bzero' '-fno-builtin-stpcpy' '-fno-builtin-strncpy' '-v' '-o' 'CMakeFiles/cmTC_1a4b1.dir/CMakeCXXCompilerABI.cpp.obj' '-c' '-dumpdir' 'CMakeFiles/cmTC_1a4b1.dir/CMakeCXXCompilerABI.cpp.']
  ignore line: [[2/2] Linking CXX executable cmTC_1a4b1]
  ignore line: [Using built-in specs.]
  ignore line: [COLLECT_GCC=/Users/liufangzheng/.espressif/tools/xtensa-esp-elf/esp-14.2.0_20241119/xtensa-esp-elf/bin/xtensa-esp-elf-g++]
  ignore line: [COLLECT_LTO_WRAPPER=/Users/liufangzheng/.espressif/tools/xtensa-esp-elf/esp-14.2.0_20241119/xtensa-esp-elf/bin/../libexec/gcc/xtensa-esp-elf/14.2.0/lto-wrapper]
  ignore line: [Target: xtensa-esp-elf]
  ignore line: [Configured with: /builds/idf/crosstool-NG/.build/xtensa-esp-elf/src/gcc/configure --build=x86_64-build_pc-linux-gnu --host=x86_64-host_apple-darwin21.1 --target=xtensa-esp-elf --prefix=/builds/idf/crosstool-NG/builds/xtensa-esp-elf --exec_prefix=/builds/idf/crosstool-NG/builds/xtensa-esp-elf --with-local-prefix=/builds/idf/crosstool-NG/builds/xtensa-esp-elf/xtensa-esp-elf --with-sysroot=/builds/idf/crosstool-NG/builds/xtensa-esp-elf/xtensa-esp-elf --with-native-system-header-dir=/include --with-newlib --enable-threads=no --disable-shared --with-pkgversion='crosstool-NG esp-14.2.0_20241119' --disable-__cxa_atexit --enable-cxx-flags=-ffunction-sections --disable-libgomp --disable-libmudflap --disable-libmpx --disable-libssp --disable-libquadmath --disable-libquadmath-support --disable-libstdcxx-verbose --with-gmp=/builds/idf/crosstool-NG/.build/xtensa-esp-elf/buildtools/complibs-host --with-mpfr=/builds/idf/crosstool-NG/.build/xtensa-esp-elf/buildtools/complibs-host --with-mpc=/builds/idf/crosstool-NG/.build/xtensa-esp-elf/buildtools/complibs-host --with-isl=/builds/idf/crosstool-NG/.build/xtensa-esp-elf/buildtools/complibs-host --enable-lto --enable-target-optspace --without-long-double-128 --disable-nls --enable-multiarch --enable-languages=c c++ --disable-libstdcxx-verbose --enable-threads=posix --enable-gcov-custom-rtio --enable-libstdcxx-time=yes]
  ignore line: [Thread model: posix]
  ignore line: [Supported LTO compression algorithms: zlib]
  ignore line: [gcc version 14.2.0 (crosstool-NG esp-14.2.0_20241119) ]
  ignore line: [COMPILER_PATH=/Users/liufangzheng/.espressif/tools/xtensa-esp-elf/esp-14.2.0_20241119/xtensa-esp-elf/bin/../libexec/gcc/xtensa-esp-elf/14.2.0/:/Users/liufangzheng/.espressif/tools/xtensa-esp-elf/esp-14.2.0_20241119/xtensa-esp-elf/bin/../libexec/gcc/:/Users/liufangzheng/.espressif/tools/xtensa-esp-elf/esp-14.2.0_20241119/xtensa-esp-elf/bin/../lib/gcc/xtensa-esp-elf/14.2.0/../../../../xtensa-esp-elf/bin/]
  ignore line: [LIBRARY_PATH=/Users/liufangzheng/.espressif/tools/xtensa-esp-elf/esp-14.2.0_20241119/xtensa-esp-elf/bin/../lib/gcc/xtensa-esp-elf/14.2.0/esp32s3/:/Users/liufangzheng/.espressif/tools/xtensa-esp-elf/esp-14.2.0_20241119/xtensa-esp-elf/bin/../lib/gcc/xtensa-esp-elf/14.2.0/../../../../xtensa-esp-elf/lib/esp32s3/:/Users/liufangzheng/.espressif/tools/xtensa-esp-elf/esp-14.2.0_20241119/xtensa-esp-elf/bin/../xtensa-esp-elf/lib/esp32s3/:/Users/liufangzheng/.espressif/tools/xtensa-esp-elf/esp-14.2.0_20241119/xtensa-esp-elf/bin/../lib/gcc/xtensa-esp-elf/14.2.0/:/Users/liufangzheng/.espressif/tools/xtensa-esp-elf/esp-14.2.0_20241119/xtensa-esp-elf/bin/../lib/gcc/:/Users/liufangzheng/.espressif/tools/xtensa-esp-elf/esp-14.2.0_20241119/xtensa-esp-elf/bin/../lib/gcc/xtensa-esp-elf/14.2.0/../../../../xtensa-esp-elf/lib/:/Users/liufangzheng/.espressif/tools/xtensa-esp-elf/esp-14.2.0_20241119/xtensa-esp-elf/bin/../xtensa-esp-elf/lib/:/Users/liufangzheng/.espressif/tools/xtensa-esp-elf/esp-14.2.0_20241119/xtensa-esp-elf/bin/../xtensa-esp-elf/usr/lib/]
  ignore line: [COLLECT_GCC_OPTIONS='-mdynconfig=xtensa_esp32s3.so' '-mlongcalls' '-fno-builtin-memcpy' '-fno-builtin-memset' '-fno-builtin-bzero' '-fno-builtin-stpcpy' '-fno-builtin-strncpy' '-v' '-o' 'cmTC_1a4b1' '-dumpdir' 'cmTC_1a4b1.']
  link line: [ /Users/liufangzheng/.espressif/tools/xtensa-esp-elf/esp-14.2.0_20241119/xtensa-esp-elf/bin/../libexec/gcc/xtensa-esp-elf/14.2.0/collect2 -plugin /Users/liufangzheng/.espressif/tools/xtensa-esp-elf/esp-14.2.0_20241119/xtensa-esp-elf/bin/../libexec/gcc/xtensa-esp-elf/14.2.0/liblto_plugin.so -plugin-opt=/Users/liufangzheng/.espressif/tools/xtensa-esp-elf/esp-14.2.0_20241119/xtensa-esp-elf/bin/../libexec/gcc/xtensa-esp-elf/14.2.0/lto-wrapper -plugin-opt=-fresolution=/var/folders/5x/yb1tpvsd1fs9lpzm2scrjh_80000gn/T//cc823zsG.res -plugin-opt=-pass-through=-lgcc -plugin-opt=-pass-through=-lc -plugin-opt=-pass-through=-lnosys -plugin-opt=-pass-through=-lc -plugin-opt=-pass-through=-lgcc --sysroot=/Users/liufangzheng/.espressif/tools/xtensa-esp-elf/esp-14.2.0_20241119/xtensa-esp-elf/bin/../xtensa-esp-elf --dynconfig=xtensa_esp32s3.so -o cmTC_1a4b1 /Users/liufangzheng/.espressif/tools/xtensa-esp-elf/esp-14.2.0_20241119/xtensa-esp-elf/bin/../lib/gcc/xtensa-esp-elf/14.2.0/../../../../xtensa-esp-elf/lib/esp32s3/crt0.o /Users/liufangzheng/.espressif/tools/xtensa-esp-elf/esp-14.2.0_20241119/xtensa-esp-elf/bin/../lib/gcc/xtensa-esp-elf/14.2.0/esp32s3/crti.o /Users/liufangzheng/.espressif/tools/xtensa-esp-elf/esp-14.2.0_20241119/xtensa-esp-elf/bin/../lib/gcc/xtensa-esp-elf/14.2.0/esp32s3/crtbegin.o -L/Users/liufangzheng/.espressif/tools/xtensa-esp-elf/esp-14.2.0_20241119/xtensa-esp-elf/bin/../lib/gcc/xtensa-esp-elf/14.2.0/esp32s3 -L/Users/liufangzheng/.espressif/tools/xtensa-esp-elf/esp-14.2.0_20241119/xtensa-esp-elf/bin/../lib/gcc/xtensa-esp-elf/14.2.0/../../../../xtensa-esp-elf/lib/esp32s3 -L/Users/liufangzheng/.espressif/tools/xtensa-esp-elf/esp-14.2.0_20241119/xtensa-esp-elf/bin/../xtensa-esp-elf/lib/esp32s3 -L/Users/liufangzheng/.espressif/tools/xtensa-esp-elf/esp-14.2.0_20241119/xtensa-esp-elf/bin/../lib/gcc/xtensa-esp-elf/14.2.0 -L/Users/liufangzheng/.espressif/tools/xtensa-esp-elf/esp-14.2.0_20241119/xtensa-esp-elf/bin/../lib/gcc -L/Users/liufangzheng/.espressif/tools/xtensa-esp-elf/esp-14.2.0_20241119/xtensa-esp-elf/bin/../lib/gcc/xtensa-esp-elf/14.2.0/../../../../xtensa-esp-elf/lib -L/Users/liufangzheng/.espressif/tools/xtensa-esp-elf/esp-14.2.0_20241119/xtensa-esp-elf/bin/../xtensa-esp-elf/lib -L/Users/liufangzheng/.espressif/tools/xtensa-esp-elf/esp-14.2.0_20241119/xtensa-esp-elf/bin/../xtensa-esp-elf/usr/lib CMakeFiles/cmTC_1a4b1.dir/CMakeCXXCompilerABI.cpp.obj -lstdc++ -lm -lgcc -lc -lnosys -lc -lgcc /Users/liufangzheng/.espressif/tools/xtensa-esp-elf/esp-14.2.0_20241119/xtensa-esp-elf/bin/../lib/gcc/xtensa-esp-elf/14.2.0/esp32s3/crtend.o /Users/liufangzheng/.espressif/tools/xtensa-esp-elf/esp-14.2.0_20241119/xtensa-esp-elf/bin/../lib/gcc/xtensa-esp-elf/14.2.0/esp32s3/crtn.o]
    arg [/Users/liufangzheng/.espressif/tools/xtensa-esp-elf/esp-14.2.0_20241119/xtensa-esp-elf/bin/../libexec/gcc/xtensa-esp-elf/14.2.0/collect2] ==> ignore
    arg [-plugin] ==> ignore
    arg [/Users/liufangzheng/.espressif/tools/xtensa-esp-elf/esp-14.2.0_20241119/xtensa-esp-elf/bin/../libexec/gcc/xtensa-esp-elf/14.2.0/liblto_plugin.so] ==> ignore
    arg [-plugin-opt=/Users/liufangzheng/.espressif/tools/xtensa-esp-elf/esp-14.2.0_20241119/xtensa-esp-elf/bin/../libexec/gcc/xtensa-esp-elf/14.2.0/lto-wrapper] ==> ignore
    arg [-plugin-opt=-fresolution=/var/folders/5x/yb1tpvsd1fs9lpzm2scrjh_80000gn/T//cc823zsG.res] ==> ignore
    arg [-plugin-opt=-pass-through=-lgcc] ==> ignore
    arg [-plugin-opt=-pass-through=-lc] ==> ignore
    arg [-plugin-opt=-pass-through=-lnosys] ==> ignore
    arg [-plugin-opt=-pass-through=-lc] ==> ignore
    arg [-plugin-opt=-pass-through=-lgcc] ==> ignore
    arg [--sysroot=/Users/liufangzheng/.espressif/tools/xtensa-esp-elf/esp-14.2.0_20241119/xtensa-esp-elf/bin/../xtensa-esp-elf] ==> ignore
    arg [--dynconfig=xtensa_esp32s3.so] ==> ignore
    arg [-o] ==> ignore
    arg [cmTC_1a4b1] ==> ignore
    arg [/Users/liufangzheng/.espressif/tools/xtensa-esp-elf/esp-14.2.0_20241119/xtensa-esp-elf/bin/../lib/gcc/xtensa-esp-elf/14.2.0/../../../../xtensa-esp-elf/lib/esp32s3/crt0.o] ==> ignore
    arg [/Users/liufangzheng/.espressif/tools/xtensa-esp-elf/esp-14.2.0_20241119/xtensa-esp-elf/bin/../lib/gcc/xtensa-esp-elf/14.2.0/esp32s3/crti.o] ==> ignore
    arg [/Users/liufangzheng/.espressif/tools/xtensa-esp-elf/esp-14.2.0_20241119/xtensa-esp-elf/bin/../lib/gcc/xtensa-esp-elf/14.2.0/esp32s3/crtbegin.o] ==> ignore
    arg [-L/Users/liufangzheng/.espressif/tools/xtensa-esp-elf/esp-14.2.0_20241119/xtensa-esp-elf/bin/../lib/gcc/xtensa-esp-elf/14.2.0/esp32s3] ==> dir [/Users/liufangzheng/.espressif/tools/xtensa-esp-elf/esp-14.2.0_20241119/xtensa-esp-elf/bin/../lib/gcc/xtensa-esp-elf/14.2.0/esp32s3]
    arg [-L/Users/liufangzheng/.espressif/tools/xtensa-esp-elf/esp-14.2.0_20241119/xtensa-esp-elf/bin/../lib/gcc/xtensa-esp-elf/14.2.0/../../../../xtensa-esp-elf/lib/esp32s3] ==> dir [/Users/liufangzheng/.espressif/tools/xtensa-esp-elf/esp-14.2.0_20241119/xtensa-esp-elf/bin/../lib/gcc/xtensa-esp-elf/14.2.0/../../../../xtensa-esp-elf/lib/esp32s3]
    arg [-L/Users/liufangzheng/.espressif/tools/xtensa-esp-elf/esp-14.2.0_20241119/xtensa-esp-elf/bin/../xtensa-esp-elf/lib/esp32s3] ==> dir [/Users/liufangzheng/.espressif/tools/xtensa-esp-elf/esp-14.2.0_20241119/xtensa-esp-elf/bin/../xtensa-esp-elf/lib/esp32s3]
    arg [-L/Users/liufangzheng/.espressif/tools/xtensa-esp-elf/esp-14.2.0_20241119/xtensa-esp-elf/bin/../lib/gcc/xtensa-esp-elf/14.2.0] ==> dir [/Users/liufangzheng/.espressif/tools/xtensa-esp-elf/esp-14.2.0_20241119/xtensa-esp-elf/bin/../lib/gcc/xtensa-esp-elf/14.2.0]
    arg [-L/Users/liufangzheng/.espressif/tools/xtensa-esp-elf/esp-14.2.0_20241119/xtensa-esp-elf/bin/../lib/gcc] ==> dir [/Users/liufangzheng/.espressif/tools/xtensa-esp-elf/esp-14.2.0_20241119/xtensa-esp-elf/bin/../lib/gcc]
    arg [-L/Users/liufangzheng/.espressif/tools/xtensa-esp-elf/esp-14.2.0_20241119/xtensa-esp-elf/bin/../lib/gcc/xtensa-esp-elf/14.2.0/../../../../xtensa-esp-elf/lib] ==> dir [/Users/liufangzheng/.espressif/tools/xtensa-esp-elf/esp-14.2.0_20241119/xtensa-esp-elf/bin/../lib/gcc/xtensa-esp-elf/14.2.0/../../../../xtensa-esp-elf/lib]
    arg [-L/Users/liufangzheng/.espressif/tools/xtensa-esp-elf/esp-14.2.0_20241119/xtensa-esp-elf/bin/../xtensa-esp-elf/lib] ==> dir [/Users/liufangzheng/.espressif/tools/xtensa-esp-elf/esp-14.2.0_20241119/xtensa-esp-elf/bin/../xtensa-esp-elf/lib]
    arg [-L/Users/liufangzheng/.espressif/tools/xtensa-esp-elf/esp-14.2.0_20241119/xtensa-esp-elf/bin/../xtensa-esp-elf/usr/lib] ==> dir [/Users/liufangzheng/.espressif/tools/xtensa-esp-elf/esp-14.2.0_20241119/xtensa-esp-elf/bin/../xtensa-esp-elf/usr/lib]
    arg [CMakeFiles/cmTC_1a4b1.dir/CMakeCXXCompilerABI.cpp.obj] ==> ignore
    arg [-lstdc++] ==> lib [stdc++]
    arg [-lm] ==> lib [m]
    arg [-lgcc] ==> lib [gcc]
    arg [-lc] ==> lib [c]
    arg [-lnosys] ==> lib [nosys]
    arg [-lc] ==> lib [c]
    arg [-lgcc] ==> lib [gcc]
    arg [/Users/liufangzheng/.espressif/tools/xtensa-esp-elf/esp-14.2.0_20241119/xtensa-esp-elf/bin/../lib/gcc/xtensa-esp-elf/14.2.0/esp32s3/crtend.o] ==> ignore
    arg [/Users/liufangzheng/.espressif/tools/xtensa-esp-elf/esp-14.2.0_20241119/xtensa-esp-elf/bin/../lib/gcc/xtensa-esp-elf/14.2.0/esp32s3/crtn.o] ==> ignore
  collapse library dir [/Users/liufangzheng/.espressif/tools/xtensa-esp-elf/esp-14.2.0_20241119/xtensa-esp-elf/bin/../lib/gcc/xtensa-esp-elf/14.2.0/esp32s3] ==> [/Users/liufangzheng/.espressif/tools/xtensa-esp-elf/esp-14.2.0_20241119/xtensa-esp-elf/lib/gcc/xtensa-esp-elf/14.2.0/esp32s3]
  collapse library dir [/Users/liufangzheng/.espressif/tools/xtensa-esp-elf/esp-14.2.0_20241119/xtensa-esp-elf/bin/../lib/gcc/xtensa-esp-elf/14.2.0/../../../../xtensa-esp-elf/lib/esp32s3] ==> [/Users/liufangzheng/.espressif/tools/xtensa-esp-elf/esp-14.2.0_20241119/xtensa-esp-elf/xtensa-esp-elf/lib/esp32s3]
  collapse library dir [/Users/liufangzheng/.espressif/tools/xtensa-esp-elf/esp-14.2.0_20241119/xtensa-esp-elf/bin/../xtensa-esp-elf/lib/esp32s3] ==> [/Users/liufangzheng/.espressif/tools/xtensa-esp-elf/esp-14.2.0_20241119/xtensa-esp-elf/xtensa-esp-elf/lib/esp32s3]
  collapse library dir [/Users/liufangzheng/.espressif/tools/xtensa-esp-elf/esp-14.2.0_20241119/xtensa-esp-elf/bin/../lib/gcc/xtensa-esp-elf/14.2.0] ==> [/Users/liufangzheng/.espressif/tools/xtensa-esp-elf/esp-14.2.0_20241119/xtensa-esp-elf/lib/gcc/xtensa-esp-elf/14.2.0]
  collapse library dir [/Users/liufangzheng/.espressif/tools/xtensa-esp-elf/esp-14.2.0_20241119/xtensa-esp-elf/bin/../lib/gcc] ==> [/Users/liufangzheng/.espressif/tools/xtensa-esp-elf/esp-14.2.0_20241119/xtensa-esp-elf/lib/gcc]
  collapse library dir [/Users/liufangzheng/.espressif/tools/xtensa-esp-elf/esp-14.2.0_20241119/xtensa-esp-elf/bin/../lib/gcc/xtensa-esp-elf/14.2.0/../../../../xtensa-esp-elf/lib] ==> [/Users/liufangzheng/.espressif/tools/xtensa-esp-elf/esp-14.2.0_20241119/xtensa-esp-elf/xtensa-esp-elf/lib]
  collapse library dir [/Users/liufangzheng/.espressif/tools/xtensa-esp-elf/esp-14.2.0_20241119/xtensa-esp-elf/bin/../xtensa-esp-elf/lib] ==> [/Users/liufangzheng/.espressif/tools/xtensa-esp-elf/esp-14.2.0_20241119/xtensa-esp-elf/xtensa-esp-elf/lib]
  collapse library dir [/Users/liufangzheng/.espressif/tools/xtensa-esp-elf/esp-14.2.0_20241119/xtensa-esp-elf/bin/../xtensa-esp-elf/usr/lib] ==> [/Users/liufangzheng/.espressif/tools/xtensa-esp-elf/esp-14.2.0_20241119/xtensa-esp-elf/xtensa-esp-elf/usr/lib]
  implicit libs: [stdc++;m;gcc;c;nosys;c;gcc]
  implicit dirs: [/Users/liufangzheng/.espressif/tools/xtensa-esp-elf/esp-14.2.0_20241119/xtensa-esp-elf/lib/gcc/xtensa-esp-elf/14.2.0/esp32s3;/Users/liufangzheng/.espressif/tools/xtensa-esp-elf/esp-14.2.0_20241119/xtensa-esp-elf/xtensa-esp-elf/lib/esp32s3;/Users/liufangzheng/.espressif/tools/xtensa-esp-elf/esp-14.2.0_20241119/xtensa-esp-elf/lib/gcc/xtensa-esp-elf/14.2.0;/Users/liufangzheng/.espressif/tools/xtensa-esp-elf/esp-14.2.0_20241119/xtensa-esp-elf/lib/gcc;/Users/liufangzheng/.espressif/tools/xtensa-esp-elf/esp-14.2.0_20241119/xtensa-esp-elf/xtensa-esp-elf/lib;/Users/liufangzheng/.espressif/tools/xtensa-esp-elf/esp-14.2.0_20241119/xtensa-esp-elf/xtensa-esp-elf/usr/lib]
  implicit fwks: []


Determining if the include file pthread.h exists passed with the following output:
Change Dir: /Users/liufangzheng/Documents/Lab/github/HexSense_MIT/HS_ESP32_CAM_module/firmware/ESP32S3-CAM-TRANS_DATA_THR_UART/build/CMakeFiles/CMakeTmp

Run Build Command(s):/opt/ST/STM32CubeCLT_1.16.0/Ninja/bin/ninja cmTC_354df && [1/2] Building C object CMakeFiles/cmTC_354df.dir/CheckIncludeFile.c.obj
[2/2] Linking C executable cmTC_354df



Performing C SOURCE FILE Test CMAKE_HAVE_LIBC_PTHREAD succeeded with the following output:
Change Dir: /Users/liufangzheng/Documents/Lab/github/HexSense_MIT/HS_ESP32_CAM_module/firmware/ESP32S3-CAM-TRANS_DATA_THR_UART/build/CMakeFiles/CMakeTmp

Run Build Command(s):/opt/ST/STM32CubeCLT_1.16.0/Ninja/bin/ninja cmTC_91f35 && [1/2] Building C object CMakeFiles/cmTC_91f35.dir/src.c.obj
[2/2] Linking C executable cmTC_91f35
/Users/liufangzheng/.espressif/tools/xtensa-esp-elf/esp-14.2.0_20241119/xtensa-esp-elf/bin/../lib/gcc/xtensa-esp-elf/14.2.0/../../../../xtensa-esp-elf/bin/ld: CMakeFiles/cmTC_91f35.dir/src.c.obj:(.literal+0x14): warning: pthread_atfork is not implemented and will always fail
/Users/liufangzheng/.espressif/tools/xtensa-esp-elf/esp-14.2.0_20241119/xtensa-esp-elf/bin/../lib/gcc/xtensa-esp-elf/14.2.0/../../../../xtensa-esp-elf/bin/ld: CMakeFiles/cmTC_91f35.dir/src.c.obj:(.literal+0xc): warning: pthread_cancel is not implemented and will always fail
/Users/liufangzheng/.espressif/tools/xtensa-esp-elf/esp-14.2.0_20241119/xtensa-esp-elf/bin/../lib/gcc/xtensa-esp-elf/14.2.0/../../../../xtensa-esp-elf/bin/ld: CMakeFiles/cmTC_91f35.dir/src.c.obj:(.literal+0x4): warning: pthread_create is not implemented and will always fail
/Users/liufangzheng/.espressif/tools/xtensa-esp-elf/esp-14.2.0_20241119/xtensa-esp-elf/bin/../lib/gcc/xtensa-esp-elf/14.2.0/../../../../xtensa-esp-elf/bin/ld: CMakeFiles/cmTC_91f35.dir/src.c.obj:(.literal+0x8): warning: pthread_detach is not implemented and will always fail
/Users/liufangzheng/.espressif/tools/xtensa-esp-elf/esp-14.2.0_20241119/xtensa-esp-elf/bin/../lib/gcc/xtensa-esp-elf/14.2.0/../../../../xtensa-esp-elf/bin/ld: CMakeFiles/cmTC_91f35.dir/src.c.obj:(.literal+0x18): warning: pthread_exit is not implemented and will always fail
/Users/liufangzheng/.espressif/tools/xtensa-esp-elf/esp-14.2.0_20241119/xtensa-esp-elf/bin/../lib/gcc/xtensa-esp-elf/14.2.0/../../../../xtensa-esp-elf/bin/ld: CMakeFiles/cmTC_91f35.dir/src.c.obj:(.literal+0x10): warning: pthread_join is not implemented and will always fail


Source file was:
#include <pthread.h>

static void* test_func(void* data)
{
  return data;
}

int main(void)
{
  pthread_t thread;
  pthread_create(&thread, NULL, test_func, NULL);
  pthread_detach(thread);
  pthread_cancel(thread);
  pthread_join(thread, NULL);
  pthread_atfork(NULL, NULL, NULL);
  pthread_exit(NULL);

  return 0;
}

Performing C SOURCE FILE Test C_COMPILER_SUPPORTS_WFORMAT_SIGNEDNESS succeeded with the following output:
Change Dir: /Users/liufangzheng/Documents/Lab/github/HexSense_MIT/HS_ESP32_CAM_module/firmware/ESP32S3-CAM-TRANS_DATA_THR_UART/build/CMakeFiles/CMakeTmp

Run Build Command(s):/opt/ST/STM32CubeCLT_1.16.0/Ninja/bin/ninja cmTC_77969 && [1/2] Building C object CMakeFiles/cmTC_77969.dir/src.c.obj
[2/2] Linking C executable cmTC_77969


Source file was:
int main(void) { return 0; }
